2015-06-14 10:37:23 Error: [MissingDatasourceConfigException] The datasource configuration "default" was not found in database.php
Exception Attributes: array (
  'config' => 'default',
)
Request URL: /
Stack Trace:
#0 C:\xampp\htdocs\cakephp\lib\Cake\Model\ConnectionManager.php(91): ConnectionManager::_getConnectionObject('default')
#1 C:\xampp\htdocs\cakephp\lib\Cake\Model\Model.php(3471): ConnectionManager::getDataSource('default')
#2 C:\xampp\htdocs\cakephp\lib\Cake\Model\Model.php(1126): Model->setDataSource('default')
#3 C:\xampp\htdocs\cakephp\lib\Cake\Model\Model.php(3493): Model->setSource('forums')
#4 C:\xampp\htdocs\cakephp\lib\Cake\Model\Model.php(2897): Model->getDataSource()
#5 C:\xampp\htdocs\cakephp\lib\Cake\Model\Model.php(2869): Model->_readDataSource('all', Array)
#6 C:\xampp\htdocs\cakephp\lib\Cake\Controller\Component\PaginatorComponent.php(196): Model->find('all', Array)
#7 C:\xampp\htdocs\cakephp\app\Controller\ForumsController.php(14): PaginatorComponent->paginate()
#8 [internal function]: ForumsController->index()
#9 C:\xampp\htdocs\cakephp\lib\Cake\Controller\Controller.php(490): ReflectionMethod->invokeArgs(Object(ForumsController), Array)
#10 C:\xampp\htdocs\cakephp\lib\Cake\Routing\Dispatcher.php(185): Controller->invokeAction(Object(CakeRequest))
#11 C:\xampp\htdocs\cakephp\lib\Cake\Routing\Dispatcher.php(160): Dispatcher->_invoke(Object(ForumsController), Object(CakeRequest), Object(CakeResponse))
#12 C:\xampp\htdocs\cakephp\app\webroot\index.php(108): Dispatcher->dispatch(Object(CakeRequest), Object(CakeResponse))
#13 {main}
2015-06-14 10:39:15 Error: [MissingConnectionException] Database connection "Mysql" is missing, or could not be created.
Exception Attributes: array (
  'class' => 'Mysql',
  'message' => 'SQLSTATE[HY000] [1045] Access denied for user \'admin\'@\'localhost\' (using password: YES)',
  'enabled' => true,
)
Request URL: /
Stack Trace:
#0 C:\xampp\htdocs\cakephp\lib\Cake\Model\Datasource\DboSource.php(260): Mysql->connect()
#1 C:\xampp\htdocs\cakephp\lib\Cake\Model\ConnectionManager.php(105): DboSource->__construct(Array)
#2 C:\xampp\htdocs\cakephp\lib\Cake\Model\Model.php(3471): ConnectionManager::getDataSource('default')
#3 C:\xampp\htdocs\cakephp\lib\Cake\Model\Model.php(1126): Model->setDataSource('default')
#4 C:\xampp\htdocs\cakephp\lib\Cake\Model\Model.php(3493): Model->setSource('forums')
#5 C:\xampp\htdocs\cakephp\lib\Cake\Model\Model.php(2897): Model->getDataSource()
#6 C:\xampp\htdocs\cakephp\lib\Cake\Model\Model.php(2869): Model->_readDataSource('all', Array)
#7 C:\xampp\htdocs\cakephp\lib\Cake\Controller\Component\PaginatorComponent.php(196): Model->find('all', Array)
#8 C:\xampp\htdocs\cakephp\app\Controller\ForumsController.php(14): PaginatorComponent->paginate()
#9 [internal function]: ForumsController->index()
#10 C:\xampp\htdocs\cakephp\lib\Cake\Controller\Controller.php(490): ReflectionMethod->invokeArgs(Object(ForumsController), Array)
#11 C:\xampp\htdocs\cakephp\lib\Cake\Routing\Dispatcher.php(185): Controller->invokeAction(Object(CakeRequest))
#12 C:\xampp\htdocs\cakephp\lib\Cake\Routing\Dispatcher.php(160): Dispatcher->_invoke(Object(ForumsController), Object(CakeRequest), Object(CakeResponse))
#13 C:\xampp\htdocs\cakephp\app\webroot\index.php(108): Dispatcher->dispatch(Object(CakeRequest), Object(CakeResponse))
#14 {main}
2015-06-14 10:43:22 Error: [MissingConnectionException] Database connection "Mysql" is missing, or could not be created.
Exception Attributes: array (
  'class' => 'Mysql',
  'message' => 'SQLSTATE[HY000] [1045] Access denied for user \'admin\'@\'localhost\' (using password: YES)',
  'enabled' => true,
)
Request URL: /
Stack Trace:
#0 C:\xampp\htdocs\cakephp\lib\Cake\Model\Datasource\DboSource.php(260): Mysql->connect()
#1 C:\xampp\htdocs\cakephp\lib\Cake\Model\ConnectionManager.php(105): DboSource->__construct(Array)
#2 C:\xampp\htdocs\cakephp\lib\Cake\Model\Model.php(3471): ConnectionManager::getDataSource('default')
#3 C:\xampp\htdocs\cakephp\lib\Cake\Model\Model.php(1126): Model->setDataSource('default')
#4 C:\xampp\htdocs\cakephp\lib\Cake\Model\Model.php(3493): Model->setSource('forums')
#5 C:\xampp\htdocs\cakephp\lib\Cake\Model\Model.php(2897): Model->getDataSource()
#6 C:\xampp\htdocs\cakephp\lib\Cake\Model\Model.php(2869): Model->_readDataSource('all', Array)
#7 C:\xampp\htdocs\cakephp\lib\Cake\Controller\Component\PaginatorComponent.php(196): Model->find('all', Array)
#8 C:\xampp\htdocs\cakephp\app\Controller\ForumsController.php(14): PaginatorComponent->paginate()
#9 [internal function]: ForumsController->index()
#10 C:\xampp\htdocs\cakephp\lib\Cake\Controller\Controller.php(490): ReflectionMethod->invokeArgs(Object(ForumsController), Array)
#11 C:\xampp\htdocs\cakephp\lib\Cake\Routing\Dispatcher.php(185): Controller->invokeAction(Object(CakeRequest))
#12 C:\xampp\htdocs\cakephp\lib\Cake\Routing\Dispatcher.php(160): Dispatcher->_invoke(Object(ForumsController), Object(CakeRequest), Object(CakeResponse))
#13 C:\xampp\htdocs\cakephp\app\webroot\index.php(108): Dispatcher->dispatch(Object(CakeRequest), Object(CakeResponse))
#14 {main}
2015-06-14 10:43:23 Error: [MissingConnectionException] Database connection "Mysql" is missing, or could not be created.
Exception Attributes: array (
  'class' => 'Mysql',
  'message' => 'SQLSTATE[HY000] [1045] Access denied for user \'admin\'@\'localhost\' (using password: YES)',
  'enabled' => true,
)
Request URL: /
Stack Trace:
#0 C:\xampp\htdocs\cakephp\lib\Cake\Model\Datasource\DboSource.php(260): Mysql->connect()
#1 C:\xampp\htdocs\cakephp\lib\Cake\Model\ConnectionManager.php(105): DboSource->__construct(Array)
#2 C:\xampp\htdocs\cakephp\lib\Cake\Model\Model.php(3471): ConnectionManager::getDataSource('default')
#3 C:\xampp\htdocs\cakephp\lib\Cake\Model\Model.php(1126): Model->setDataSource('default')
#4 C:\xampp\htdocs\cakephp\lib\Cake\Model\Model.php(3493): Model->setSource('forums')
#5 C:\xampp\htdocs\cakephp\lib\Cake\Model\Model.php(2897): Model->getDataSource()
#6 C:\xampp\htdocs\cakephp\lib\Cake\Model\Model.php(2869): Model->_readDataSource('all', Array)
#7 C:\xampp\htdocs\cakephp\lib\Cake\Controller\Component\PaginatorComponent.php(196): Model->find('all', Array)
#8 C:\xampp\htdocs\cakephp\app\Controller\ForumsController.php(14): PaginatorComponent->paginate()
#9 [internal function]: ForumsController->index()
#10 C:\xampp\htdocs\cakephp\lib\Cake\Controller\Controller.php(490): ReflectionMethod->invokeArgs(Object(ForumsController), Array)
#11 C:\xampp\htdocs\cakephp\lib\Cake\Routing\Dispatcher.php(185): Controller->invokeAction(Object(CakeRequest))
#12 C:\xampp\htdocs\cakephp\lib\Cake\Routing\Dispatcher.php(160): Dispatcher->_invoke(Object(ForumsController), Object(CakeRequest), Object(CakeResponse))
#13 C:\xampp\htdocs\cakephp\app\webroot\index.php(108): Dispatcher->dispatch(Object(CakeRequest), Object(CakeResponse))
#14 {main}
2015-06-14 10:43:42 Error: [MissingConnectionException] Database connection "Mysql" is missing, or could not be created.
Exception Attributes: array (
  'class' => 'Mysql',
  'message' => 'SQLSTATE[HY000] [1049] Unknown database \'capforum\'',
  'enabled' => true,
)
Request URL: /
Stack Trace:
#0 C:\xampp\htdocs\cakephp\lib\Cake\Model\Datasource\DboSource.php(260): Mysql->connect()
#1 C:\xampp\htdocs\cakephp\lib\Cake\Model\ConnectionManager.php(105): DboSource->__construct(Array)
#2 C:\xampp\htdocs\cakephp\lib\Cake\Model\Model.php(3471): ConnectionManager::getDataSource('default')
#3 C:\xampp\htdocs\cakephp\lib\Cake\Model\Model.php(1126): Model->setDataSource('default')
#4 C:\xampp\htdocs\cakephp\lib\Cake\Model\Model.php(3493): Model->setSource('forums')
#5 C:\xampp\htdocs\cakephp\lib\Cake\Model\Model.php(2897): Model->getDataSource()
#6 C:\xampp\htdocs\cakephp\lib\Cake\Model\Model.php(2869): Model->_readDataSource('all', Array)
#7 C:\xampp\htdocs\cakephp\lib\Cake\Controller\Component\PaginatorComponent.php(196): Model->find('all', Array)
#8 C:\xampp\htdocs\cakephp\app\Controller\ForumsController.php(14): PaginatorComponent->paginate()
#9 [internal function]: ForumsController->index()
#10 C:\xampp\htdocs\cakephp\lib\Cake\Controller\Controller.php(490): ReflectionMethod->invokeArgs(Object(ForumsController), Array)
#11 C:\xampp\htdocs\cakephp\lib\Cake\Routing\Dispatcher.php(185): Controller->invokeAction(Object(CakeRequest))
#12 C:\xampp\htdocs\cakephp\lib\Cake\Routing\Dispatcher.php(160): Dispatcher->_invoke(Object(ForumsController), Object(CakeRequest), Object(CakeResponse))
#13 C:\xampp\htdocs\cakephp\app\webroot\index.php(108): Dispatcher->dispatch(Object(CakeRequest), Object(CakeResponse))
#14 {main}
2015-06-14 10:44:27 Error: [MissingTableException] Table forums for model Forum was not found in datasource default.
Exception Attributes: array (
  'table' => 'forums',
  'class' => 'Forum',
  'ds' => 'default',
)
Request URL: /
Stack Trace:
#0 C:\xampp\htdocs\cakephp\lib\Cake\Model\Model.php(3493): Model->setSource('forums')
#1 C:\xampp\htdocs\cakephp\lib\Cake\Model\Model.php(2897): Model->getDataSource()
#2 C:\xampp\htdocs\cakephp\lib\Cake\Model\Model.php(2869): Model->_readDataSource('all', Array)
#3 C:\xampp\htdocs\cakephp\lib\Cake\Controller\Component\PaginatorComponent.php(196): Model->find('all', Array)
#4 C:\xampp\htdocs\cakephp\app\Controller\ForumsController.php(14): PaginatorComponent->paginate()
#5 [internal function]: ForumsController->index()
#6 C:\xampp\htdocs\cakephp\lib\Cake\Controller\Controller.php(490): ReflectionMethod->invokeArgs(Object(ForumsController), Array)
#7 C:\xampp\htdocs\cakephp\lib\Cake\Routing\Dispatcher.php(185): Controller->invokeAction(Object(CakeRequest))
#8 C:\xampp\htdocs\cakephp\lib\Cake\Routing\Dispatcher.php(160): Dispatcher->_invoke(Object(ForumsController), Object(CakeRequest), Object(CakeResponse))
#9 C:\xampp\htdocs\cakephp\app\webroot\index.php(108): Dispatcher->dispatch(Object(CakeRequest), Object(CakeResponse))
#10 {main}
2015-06-14 10:45:09 Error: [MissingTableException] Table forums for model Forum was not found in datasource default.
Exception Attributes: array (
  'table' => 'forums',
  'class' => 'Forum',
  'ds' => 'default',
)
Request URL: /
Stack Trace:
#0 C:\xampp\htdocs\cakephp\lib\Cake\Model\Model.php(3493): Model->setSource('forums')
#1 C:\xampp\htdocs\cakephp\lib\Cake\Model\Model.php(2897): Model->getDataSource()
#2 C:\xampp\htdocs\cakephp\lib\Cake\Model\Model.php(2869): Model->_readDataSource('all', Array)
#3 C:\xampp\htdocs\cakephp\lib\Cake\Controller\Component\PaginatorComponent.php(196): Model->find('all', Array)
#4 C:\xampp\htdocs\cakephp\app\Controller\ForumsController.php(14): PaginatorComponent->paginate()
#5 [internal function]: ForumsController->index()
#6 C:\xampp\htdocs\cakephp\lib\Cake\Controller\Controller.php(490): ReflectionMethod->invokeArgs(Object(ForumsController), Array)
#7 C:\xampp\htdocs\cakephp\lib\Cake\Routing\Dispatcher.php(185): Controller->invokeAction(Object(CakeRequest))
#8 C:\xampp\htdocs\cakephp\lib\Cake\Routing\Dispatcher.php(160): Dispatcher->_invoke(Object(ForumsController), Object(CakeRequest), Object(CakeResponse))
#9 C:\xampp\htdocs\cakephp\app\webroot\index.php(108): Dispatcher->dispatch(Object(CakeRequest), Object(CakeResponse))
#10 {main}
2015-06-14 10:45:19 Error: [MissingTableException] Table forums for model Forum was not found in datasource default.
Exception Attributes: array (
  'table' => 'forums',
  'class' => 'Forum',
  'ds' => 'default',
)
Request URL: /
Stack Trace:
#0 C:\xampp\htdocs\cakephp\lib\Cake\Model\Model.php(3493): Model->setSource('forums')
#1 C:\xampp\htdocs\cakephp\lib\Cake\Model\Model.php(2897): Model->getDataSource()
#2 C:\xampp\htdocs\cakephp\lib\Cake\Model\Model.php(2869): Model->_readDataSource('all', Array)
#3 C:\xampp\htdocs\cakephp\lib\Cake\Controller\Component\PaginatorComponent.php(196): Model->find('all', Array)
#4 C:\xampp\htdocs\cakephp\app\Controller\ForumsController.php(14): PaginatorComponent->paginate()
#5 [internal function]: ForumsController->index()
#6 C:\xampp\htdocs\cakephp\lib\Cake\Controller\Controller.php(490): ReflectionMethod->invokeArgs(Object(ForumsController), Array)
#7 C:\xampp\htdocs\cakephp\lib\Cake\Routing\Dispatcher.php(185): Controller->invokeAction(Object(CakeRequest))
#8 C:\xampp\htdocs\cakephp\lib\Cake\Routing\Dispatcher.php(160): Dispatcher->_invoke(Object(ForumsController), Object(CakeRequest), Object(CakeResponse))
#9 C:\xampp\htdocs\cakephp\app\webroot\index.php(108): Dispatcher->dispatch(Object(CakeRequest), Object(CakeResponse))
#10 {main}
2015-06-14 10:45:19 Error: [MissingTableException] Table forums for model Forum was not found in datasource default.
Exception Attributes: array (
  'table' => 'forums',
  'class' => 'Forum',
  'ds' => 'default',
)
Request URL: /
Stack Trace:
#0 C:\xampp\htdocs\cakephp\lib\Cake\Model\Model.php(3493): Model->setSource('forums')
#1 C:\xampp\htdocs\cakephp\lib\Cake\Model\Model.php(2897): Model->getDataSource()
#2 C:\xampp\htdocs\cakephp\lib\Cake\Model\Model.php(2869): Model->_readDataSource('all', Array)
#3 C:\xampp\htdocs\cakephp\lib\Cake\Controller\Component\PaginatorComponent.php(196): Model->find('all', Array)
#4 C:\xampp\htdocs\cakephp\app\Controller\ForumsController.php(14): PaginatorComponent->paginate()
#5 [internal function]: ForumsController->index()
#6 C:\xampp\htdocs\cakephp\lib\Cake\Controller\Controller.php(490): ReflectionMethod->invokeArgs(Object(ForumsController), Array)
#7 C:\xampp\htdocs\cakephp\lib\Cake\Routing\Dispatcher.php(185): Controller->invokeAction(Object(CakeRequest))
#8 C:\xampp\htdocs\cakephp\lib\Cake\Routing\Dispatcher.php(160): Dispatcher->_invoke(Object(ForumsController), Object(CakeRequest), Object(CakeResponse))
#9 C:\xampp\htdocs\cakephp\app\webroot\index.php(108): Dispatcher->dispatch(Object(CakeRequest), Object(CakeResponse))
#10 {main}
2015-06-14 10:45:20 Error: [MissingTableException] Table forums for model Forum was not found in datasource default.
Exception Attributes: array (
  'table' => 'forums',
  'class' => 'Forum',
  'ds' => 'default',
)
Request URL: /
Stack Trace:
#0 C:\xampp\htdocs\cakephp\lib\Cake\Model\Model.php(3493): Model->setSource('forums')
#1 C:\xampp\htdocs\cakephp\lib\Cake\Model\Model.php(2897): Model->getDataSource()
#2 C:\xampp\htdocs\cakephp\lib\Cake\Model\Model.php(2869): Model->_readDataSource('all', Array)
#3 C:\xampp\htdocs\cakephp\lib\Cake\Controller\Component\PaginatorComponent.php(196): Model->find('all', Array)
#4 C:\xampp\htdocs\cakephp\app\Controller\ForumsController.php(14): PaginatorComponent->paginate()
#5 [internal function]: ForumsController->index()
#6 C:\xampp\htdocs\cakephp\lib\Cake\Controller\Controller.php(490): ReflectionMethod->invokeArgs(Object(ForumsController), Array)
#7 C:\xampp\htdocs\cakephp\lib\Cake\Routing\Dispatcher.php(185): Controller->invokeAction(Object(CakeRequest))
#8 C:\xampp\htdocs\cakephp\lib\Cake\Routing\Dispatcher.php(160): Dispatcher->_invoke(Object(ForumsController), Object(CakeRequest), Object(CakeResponse))
#9 C:\xampp\htdocs\cakephp\app\webroot\index.php(108): Dispatcher->dispatch(Object(CakeRequest), Object(CakeResponse))
#10 {main}
2015-06-14 14:42:28 Error: Fatal Error (64): Can't use function return value in write context in [C:\xampp\htdocs\cakephp\app\View\Forums\index.ctp, line 31]
2015-06-14 14:42:28 Error: [FatalErrorException] Can't use function return value in write context
Request URL: /
Stack Trace:
#0 C:\xampp\htdocs\cakephp\lib\Cake\Error\ErrorHandler.php(203): ErrorHandler::handleFatalError(64, 'Can't use funct...', 'C:\\xampp\\htdocs...', 31)
#1 [internal function]: ErrorHandler::handleError(64, 'Can't use funct...', 'C:\\xampp\\htdocs...', 31, Array)
#2 C:\xampp\htdocs\cakephp\lib\Cake\Core\App.php(929): call_user_func('ErrorHandler::h...', 64, 'Can't use funct...', 'C:\\xampp\\htdocs...', 31, Array)
#3 C:\xampp\htdocs\cakephp\lib\Cake\Core\App.php(902): App::_checkFatalError()
#4 [internal function]: App::shutdown()
#5 {main}
2015-06-14 16:24:15 Error: Fatal Error (64): Cannot redeclare class Forum in [C:\xampp\htdocs\cakephp\app\Model\HomePg.php, line 38]
2015-06-14 16:24:15 Error: [FatalErrorException] Cannot redeclare class Forum
Request URL: /
Stack Trace:
#0 C:\xampp\htdocs\cakephp\lib\Cake\Error\ErrorHandler.php(203): ErrorHandler::handleFatalError(64, 'Cannot redeclar...', 'C:\\xampp\\htdocs...', 38)
#1 [internal function]: ErrorHandler::handleError(64, 'Cannot redeclar...', 'C:\\xampp\\htdocs...', 38, Array)
#2 C:\xampp\htdocs\cakephp\lib\Cake\Core\App.php(929): call_user_func('ErrorHandler::h...', 64, 'Cannot redeclar...', 'C:\\xampp\\htdocs...', 38, Array)
#3 C:\xampp\htdocs\cakephp\lib\Cake\Core\App.php(902): App::_checkFatalError()
#4 [internal function]: App::shutdown()
#5 {main}
2015-06-14 16:24:38 Error: Fatal Error (64): Cannot redeclare class Forum in [C:\xampp\htdocs\cakephp\app\Model\HomePg.php, line 38]
2015-06-14 16:24:38 Error: [FatalErrorException] Cannot redeclare class Forum
Request URL: /
Stack Trace:
#0 C:\xampp\htdocs\cakephp\lib\Cake\Error\ErrorHandler.php(203): ErrorHandler::handleFatalError(64, 'Cannot redeclar...', 'C:\\xampp\\htdocs...', 38)
#1 [internal function]: ErrorHandler::handleError(64, 'Cannot redeclar...', 'C:\\xampp\\htdocs...', 38, Array)
#2 C:\xampp\htdocs\cakephp\lib\Cake\Core\App.php(929): call_user_func('ErrorHandler::h...', 64, 'Cannot redeclar...', 'C:\\xampp\\htdocs...', 38, Array)
#3 C:\xampp\htdocs\cakephp\lib\Cake\Core\App.php(902): App::_checkFatalError()
#4 [internal function]: App::shutdown()
#5 {main}
2015-06-14 16:24:40 Error: [MissingTableException] Table homepgs for model Homepg was not found in datasource default.
Exception Attributes: array (
  'table' => 'homepgs',
  'class' => 'Homepg',
  'ds' => 'default',
)
Request URL: /
Stack Trace:
#0 C:\xampp\htdocs\cakephp\lib\Cake\Model\Model.php(3493): Model->setSource('homepgs')
#1 C:\xampp\htdocs\cakephp\lib\Cake\Model\Model.php(2897): Model->getDataSource()
#2 C:\xampp\htdocs\cakephp\lib\Cake\Model\Model.php(2869): Model->_readDataSource('all', Array)
#3 C:\xampp\htdocs\cakephp\lib\Cake\Controller\Component\PaginatorComponent.php(196): Model->find('all', Array)
#4 C:\xampp\htdocs\cakephp\app\Controller\HomepgController.php(14): PaginatorComponent->paginate()
#5 [internal function]: HomepgController->index()
#6 C:\xampp\htdocs\cakephp\lib\Cake\Controller\Controller.php(490): ReflectionMethod->invokeArgs(Object(HomepgController), Array)
#7 C:\xampp\htdocs\cakephp\lib\Cake\Routing\Dispatcher.php(185): Controller->invokeAction(Object(CakeRequest))
#8 C:\xampp\htdocs\cakephp\lib\Cake\Routing\Dispatcher.php(160): Dispatcher->_invoke(Object(HomepgController), Object(CakeRequest), Object(CakeResponse))
#9 C:\xampp\htdocs\cakephp\app\webroot\index.php(108): Dispatcher->dispatch(Object(CakeRequest), Object(CakeResponse))
#10 {main}
2015-06-14 16:27:19 Error: [MissingTableException] Table homepgs for model Homepg was not found in datasource default.
Exception Attributes: array (
  'table' => 'homepgs',
  'class' => 'Homepg',
  'ds' => 'default',
)
Request URL: /
Stack Trace:
#0 C:\xampp\htdocs\cakephp\lib\Cake\Model\Model.php(3493): Model->setSource('homepgs')
#1 C:\xampp\htdocs\cakephp\lib\Cake\Model\Model.php(2897): Model->getDataSource()
#2 C:\xampp\htdocs\cakephp\lib\Cake\Model\Model.php(2869): Model->_readDataSource('all', Array)
#3 C:\xampp\htdocs\cakephp\lib\Cake\Controller\Component\PaginatorComponent.php(196): Model->find('all', Array)
#4 C:\xampp\htdocs\cakephp\app\Controller\HomepgController.php(14): PaginatorComponent->paginate()
#5 [internal function]: HomepgController->index()
#6 C:\xampp\htdocs\cakephp\lib\Cake\Controller\Controller.php(490): ReflectionMethod->invokeArgs(Object(HomepgController), Array)
#7 C:\xampp\htdocs\cakephp\lib\Cake\Routing\Dispatcher.php(185): Controller->invokeAction(Object(CakeRequest))
#8 C:\xampp\htdocs\cakephp\lib\Cake\Routing\Dispatcher.php(160): Dispatcher->_invoke(Object(HomepgController), Object(CakeRequest), Object(CakeResponse))
#9 C:\xampp\htdocs\cakephp\app\webroot\index.php(108): Dispatcher->dispatch(Object(CakeRequest), Object(CakeResponse))
#10 {main}
2015-06-14 16:27:20 Error: [MissingTableException] Table homepgs for model Homepg was not found in datasource default.
Exception Attributes: array (
  'table' => 'homepgs',
  'class' => 'Homepg',
  'ds' => 'default',
)
Request URL: /
Stack Trace:
#0 C:\xampp\htdocs\cakephp\lib\Cake\Model\Model.php(3493): Model->setSource('homepgs')
#1 C:\xampp\htdocs\cakephp\lib\Cake\Model\Model.php(2897): Model->getDataSource()
#2 C:\xampp\htdocs\cakephp\lib\Cake\Model\Model.php(2869): Model->_readDataSource('all', Array)
#3 C:\xampp\htdocs\cakephp\lib\Cake\Controller\Component\PaginatorComponent.php(196): Model->find('all', Array)
#4 C:\xampp\htdocs\cakephp\app\Controller\HomepgController.php(14): PaginatorComponent->paginate()
#5 [internal function]: HomepgController->index()
#6 C:\xampp\htdocs\cakephp\lib\Cake\Controller\Controller.php(490): ReflectionMethod->invokeArgs(Object(HomepgController), Array)
#7 C:\xampp\htdocs\cakephp\lib\Cake\Routing\Dispatcher.php(185): Controller->invokeAction(Object(CakeRequest))
#8 C:\xampp\htdocs\cakephp\lib\Cake\Routing\Dispatcher.php(160): Dispatcher->_invoke(Object(HomepgController), Object(CakeRequest), Object(CakeResponse))
#9 C:\xampp\htdocs\cakephp\app\webroot\index.php(108): Dispatcher->dispatch(Object(CakeRequest), Object(CakeResponse))
#10 {main}
2015-06-14 16:27:22 Error: [MissingTableException] Table homepgs for model Homepg was not found in datasource default.
Exception Attributes: array (
  'table' => 'homepgs',
  'class' => 'Homepg',
  'ds' => 'default',
)
Request URL: /
Stack Trace:
#0 C:\xampp\htdocs\cakephp\lib\Cake\Model\Model.php(3493): Model->setSource('homepgs')
#1 C:\xampp\htdocs\cakephp\lib\Cake\Model\Model.php(2897): Model->getDataSource()
#2 C:\xampp\htdocs\cakephp\lib\Cake\Model\Model.php(2869): Model->_readDataSource('all', Array)
#3 C:\xampp\htdocs\cakephp\lib\Cake\Controller\Component\PaginatorComponent.php(196): Model->find('all', Array)
#4 C:\xampp\htdocs\cakephp\app\Controller\HomepgController.php(14): PaginatorComponent->paginate()
#5 [internal function]: HomepgController->index()
#6 C:\xampp\htdocs\cakephp\lib\Cake\Controller\Controller.php(490): ReflectionMethod->invokeArgs(Object(HomepgController), Array)
#7 C:\xampp\htdocs\cakephp\lib\Cake\Routing\Dispatcher.php(185): Controller->invokeAction(Object(CakeRequest))
#8 C:\xampp\htdocs\cakephp\lib\Cake\Routing\Dispatcher.php(160): Dispatcher->_invoke(Object(HomepgController), Object(CakeRequest), Object(CakeResponse))
#9 C:\xampp\htdocs\cakephp\app\webroot\index.php(108): Dispatcher->dispatch(Object(CakeRequest), Object(CakeResponse))
#10 {main}
2015-06-14 16:27:23 Error: [MissingTableException] Table homepgs for model Homepg was not found in datasource default.
Exception Attributes: array (
  'table' => 'homepgs',
  'class' => 'Homepg',
  'ds' => 'default',
)
Request URL: /
Stack Trace:
#0 C:\xampp\htdocs\cakephp\lib\Cake\Model\Model.php(3493): Model->setSource('homepgs')
#1 C:\xampp\htdocs\cakephp\lib\Cake\Model\Model.php(2897): Model->getDataSource()
#2 C:\xampp\htdocs\cakephp\lib\Cake\Model\Model.php(2869): Model->_readDataSource('all', Array)
#3 C:\xampp\htdocs\cakephp\lib\Cake\Controller\Component\PaginatorComponent.php(196): Model->find('all', Array)
#4 C:\xampp\htdocs\cakephp\app\Controller\HomepgController.php(14): PaginatorComponent->paginate()
#5 [internal function]: HomepgController->index()
#6 C:\xampp\htdocs\cakephp\lib\Cake\Controller\Controller.php(490): ReflectionMethod->invokeArgs(Object(HomepgController), Array)
#7 C:\xampp\htdocs\cakephp\lib\Cake\Routing\Dispatcher.php(185): Controller->invokeAction(Object(CakeRequest))
#8 C:\xampp\htdocs\cakephp\lib\Cake\Routing\Dispatcher.php(160): Dispatcher->_invoke(Object(HomepgController), Object(CakeRequest), Object(CakeResponse))
#9 C:\xampp\htdocs\cakephp\app\webroot\index.php(108): Dispatcher->dispatch(Object(CakeRequest), Object(CakeResponse))
#10 {main}
2015-06-14 16:27:24 Error: [MissingTableException] Table homepgs for model Homepg was not found in datasource default.
Exception Attributes: array (
  'table' => 'homepgs',
  'class' => 'Homepg',
  'ds' => 'default',
)
Request URL: /
Stack Trace:
#0 C:\xampp\htdocs\cakephp\lib\Cake\Model\Model.php(3493): Model->setSource('homepgs')
#1 C:\xampp\htdocs\cakephp\lib\Cake\Model\Model.php(2897): Model->getDataSource()
#2 C:\xampp\htdocs\cakephp\lib\Cake\Model\Model.php(2869): Model->_readDataSource('all', Array)
#3 C:\xampp\htdocs\cakephp\lib\Cake\Controller\Component\PaginatorComponent.php(196): Model->find('all', Array)
#4 C:\xampp\htdocs\cakephp\app\Controller\HomepgController.php(14): PaginatorComponent->paginate()
#5 [internal function]: HomepgController->index()
#6 C:\xampp\htdocs\cakephp\lib\Cake\Controller\Controller.php(490): ReflectionMethod->invokeArgs(Object(HomepgController), Array)
#7 C:\xampp\htdocs\cakephp\lib\Cake\Routing\Dispatcher.php(185): Controller->invokeAction(Object(CakeRequest))
#8 C:\xampp\htdocs\cakephp\lib\Cake\Routing\Dispatcher.php(160): Dispatcher->_invoke(Object(HomepgController), Object(CakeRequest), Object(CakeResponse))
#9 C:\xampp\htdocs\cakephp\app\webroot\index.php(108): Dispatcher->dispatch(Object(CakeRequest), Object(CakeResponse))
#10 {main}
2015-06-14 16:27:25 Error: [MissingTableException] Table homepgs for model Homepg was not found in datasource default.
Exception Attributes: array (
  'table' => 'homepgs',
  'class' => 'Homepg',
  'ds' => 'default',
)
Request URL: /
Stack Trace:
#0 C:\xampp\htdocs\cakephp\lib\Cake\Model\Model.php(3493): Model->setSource('homepgs')
#1 C:\xampp\htdocs\cakephp\lib\Cake\Model\Model.php(2897): Model->getDataSource()
#2 C:\xampp\htdocs\cakephp\lib\Cake\Model\Model.php(2869): Model->_readDataSource('all', Array)
#3 C:\xampp\htdocs\cakephp\lib\Cake\Controller\Component\PaginatorComponent.php(196): Model->find('all', Array)
#4 C:\xampp\htdocs\cakephp\app\Controller\HomepgController.php(14): PaginatorComponent->paginate()
#5 [internal function]: HomepgController->index()
#6 C:\xampp\htdocs\cakephp\lib\Cake\Controller\Controller.php(490): ReflectionMethod->invokeArgs(Object(HomepgController), Array)
#7 C:\xampp\htdocs\cakephp\lib\Cake\Routing\Dispatcher.php(185): Controller->invokeAction(Object(CakeRequest))
#8 C:\xampp\htdocs\cakephp\lib\Cake\Routing\Dispatcher.php(160): Dispatcher->_invoke(Object(HomepgController), Object(CakeRequest), Object(CakeResponse))
#9 C:\xampp\htdocs\cakephp\app\webroot\index.php(108): Dispatcher->dispatch(Object(CakeRequest), Object(CakeResponse))
#10 {main}
2015-06-14 16:37:05 Error: [MissingTableException] Table homepgs for model Homepg was not found in datasource default.
Exception Attributes: array (
  'table' => 'homepgs',
  'class' => 'Homepg',
  'ds' => 'default',
)
Request URL: /
Stack Trace:
#0 C:\xampp\htdocs\cakephp\lib\Cake\Model\Model.php(3493): Model->setSource('homepgs')
#1 C:\xampp\htdocs\cakephp\lib\Cake\Model\Model.php(2897): Model->getDataSource()
#2 C:\xampp\htdocs\cakephp\lib\Cake\Model\Model.php(2869): Model->_readDataSource('all', Array)
#3 C:\xampp\htdocs\cakephp\lib\Cake\Controller\Component\PaginatorComponent.php(196): Model->find('all', Array)
#4 C:\xampp\htdocs\cakephp\app\Controller\HomepgController.php(14): PaginatorComponent->paginate()
#5 [internal function]: HomepgController->index()
#6 C:\xampp\htdocs\cakephp\lib\Cake\Controller\Controller.php(490): ReflectionMethod->invokeArgs(Object(HomepgController), Array)
#7 C:\xampp\htdocs\cakephp\lib\Cake\Routing\Dispatcher.php(185): Controller->invokeAction(Object(CakeRequest))
#8 C:\xampp\htdocs\cakephp\lib\Cake\Routing\Dispatcher.php(160): Dispatcher->_invoke(Object(HomepgController), Object(CakeRequest), Object(CakeResponse))
#9 C:\xampp\htdocs\cakephp\app\webroot\index.php(108): Dispatcher->dispatch(Object(CakeRequest), Object(CakeResponse))
#10 {main}
2015-06-14 17:01:07 Error: [PDOException] SQLSTATE[42S22]: Column not found: 1054 Unknown column 'Post.plugin_id' in 'field list'
Request URL: /
Stack Trace:
#0 C:\xampp\htdocs\cakephp\lib\Cake\Model\Datasource\DboSource.php(458): PDOStatement->execute(Array)
#1 C:\xampp\htdocs\cakephp\lib\Cake\Model\Datasource\DboSource.php(424): DboSource->_execute('SELECT `Post`.`...', Array)
#2 C:\xampp\htdocs\cakephp\lib\Cake\Model\Datasource\DboSource.php(664): DboSource->execute('SELECT `Post`.`...', Array, Array)
#3 C:\xampp\htdocs\cakephp\lib\Cake\Model\Datasource\DboSource.php(1338): DboSource->fetchAll('SELECT `Post`.`...', false)
#4 C:\xampp\htdocs\cakephp\lib\Cake\Model\Datasource\DboSource.php(1200): DboSource->fetchAssociated(Object(Homepg), 'SELECT `Post`.`...', Array)
#5 C:\xampp\htdocs\cakephp\lib\Cake\Model\Datasource\DboSource.php(1111): DboSource->queryAssociation(Object(Homepg), Object(Post), 'hasMany', 'Post', Array, Array, true, Array, 1, Array)
#6 C:\xampp\htdocs\cakephp\lib\Cake\Model\Model.php(2897): DboSource->read(Object(Homepg), Array)
#7 C:\xampp\htdocs\cakephp\lib\Cake\Model\Model.php(2869): Model->_readDataSource('all', Array)
#8 C:\xampp\htdocs\cakephp\lib\Cake\Controller\Component\PaginatorComponent.php(196): Model->find('all', Array)
#9 C:\xampp\htdocs\cakephp\app\Controller\HomepgController.php(14): PaginatorComponent->paginate()
#10 [internal function]: HomepgController->index()
#11 C:\xampp\htdocs\cakephp\lib\Cake\Controller\Controller.php(490): ReflectionMethod->invokeArgs(Object(HomepgController), Array)
#12 C:\xampp\htdocs\cakephp\lib\Cake\Routing\Dispatcher.php(185): Controller->invokeAction(Object(CakeRequest))
#13 C:\xampp\htdocs\cakephp\lib\Cake\Routing\Dispatcher.php(160): Dispatcher->_invoke(Object(HomepgController), Object(CakeRequest), Object(CakeResponse))
#14 C:\xampp\htdocs\cakephp\app\webroot\index.php(108): Dispatcher->dispatch(Object(CakeRequest), Object(CakeResponse))
#15 {main}
2015-06-14 17:01:18 Error: [PDOException] SQLSTATE[42S22]: Column not found: 1054 Unknown column 'Post.plugin_id' in 'field list'
Request URL: /
Stack Trace:
#0 C:\xampp\htdocs\cakephp\lib\Cake\Model\Datasource\DboSource.php(458): PDOStatement->execute(Array)
#1 C:\xampp\htdocs\cakephp\lib\Cake\Model\Datasource\DboSource.php(424): DboSource->_execute('SELECT `Post`.`...', Array)
#2 C:\xampp\htdocs\cakephp\lib\Cake\Model\Datasource\DboSource.php(664): DboSource->execute('SELECT `Post`.`...', Array, Array)
#3 C:\xampp\htdocs\cakephp\lib\Cake\Model\Datasource\DboSource.php(1338): DboSource->fetchAll('SELECT `Post`.`...', false)
#4 C:\xampp\htdocs\cakephp\lib\Cake\Model\Datasource\DboSource.php(1200): DboSource->fetchAssociated(Object(Homepg), 'SELECT `Post`.`...', Array)
#5 C:\xampp\htdocs\cakephp\lib\Cake\Model\Datasource\DboSource.php(1111): DboSource->queryAssociation(Object(Homepg), Object(Post), 'hasMany', 'Post', Array, Array, true, Array, 1, Array)
#6 C:\xampp\htdocs\cakephp\lib\Cake\Model\Model.php(2897): DboSource->read(Object(Homepg), Array)
#7 C:\xampp\htdocs\cakephp\lib\Cake\Model\Model.php(2869): Model->_readDataSource('all', Array)
#8 C:\xampp\htdocs\cakephp\lib\Cake\Controller\Component\PaginatorComponent.php(196): Model->find('all', Array)
#9 C:\xampp\htdocs\cakephp\app\Controller\HomepgController.php(14): PaginatorComponent->paginate()
#10 [internal function]: HomepgController->index()
#11 C:\xampp\htdocs\cakephp\lib\Cake\Controller\Controller.php(490): ReflectionMethod->invokeArgs(Object(HomepgController), Array)
#12 C:\xampp\htdocs\cakephp\lib\Cake\Routing\Dispatcher.php(185): Controller->invokeAction(Object(CakeRequest))
#13 C:\xampp\htdocs\cakephp\lib\Cake\Routing\Dispatcher.php(160): Dispatcher->_invoke(Object(HomepgController), Object(CakeRequest), Object(CakeResponse))
#14 C:\xampp\htdocs\cakephp\app\webroot\index.php(108): Dispatcher->dispatch(Object(CakeRequest), Object(CakeResponse))
#15 {main}
2015-06-14 17:01:19 Error: [PDOException] SQLSTATE[42S22]: Column not found: 1054 Unknown column 'Post.plugin_id' in 'field list'
Request URL: /
Stack Trace:
#0 C:\xampp\htdocs\cakephp\lib\Cake\Model\Datasource\DboSource.php(458): PDOStatement->execute(Array)
#1 C:\xampp\htdocs\cakephp\lib\Cake\Model\Datasource\DboSource.php(424): DboSource->_execute('SELECT `Post`.`...', Array)
#2 C:\xampp\htdocs\cakephp\lib\Cake\Model\Datasource\DboSource.php(664): DboSource->execute('SELECT `Post`.`...', Array, Array)
#3 C:\xampp\htdocs\cakephp\lib\Cake\Model\Datasource\DboSource.php(1338): DboSource->fetchAll('SELECT `Post`.`...', false)
#4 C:\xampp\htdocs\cakephp\lib\Cake\Model\Datasource\DboSource.php(1200): DboSource->fetchAssociated(Object(Homepg), 'SELECT `Post`.`...', Array)
#5 C:\xampp\htdocs\cakephp\lib\Cake\Model\Datasource\DboSource.php(1111): DboSource->queryAssociation(Object(Homepg), Object(Post), 'hasMany', 'Post', Array, Array, true, Array, 1, Array)
#6 C:\xampp\htdocs\cakephp\lib\Cake\Model\Model.php(2897): DboSource->read(Object(Homepg), Array)
#7 C:\xampp\htdocs\cakephp\lib\Cake\Model\Model.php(2869): Model->_readDataSource('all', Array)
#8 C:\xampp\htdocs\cakephp\lib\Cake\Controller\Component\PaginatorComponent.php(196): Model->find('all', Array)
#9 C:\xampp\htdocs\cakephp\app\Controller\HomepgController.php(14): PaginatorComponent->paginate()
#10 [internal function]: HomepgController->index()
#11 C:\xampp\htdocs\cakephp\lib\Cake\Controller\Controller.php(490): ReflectionMethod->invokeArgs(Object(HomepgController), Array)
#12 C:\xampp\htdocs\cakephp\lib\Cake\Routing\Dispatcher.php(185): Controller->invokeAction(Object(CakeRequest))
#13 C:\xampp\htdocs\cakephp\lib\Cake\Routing\Dispatcher.php(160): Dispatcher->_invoke(Object(HomepgController), Object(CakeRequest), Object(CakeResponse))
#14 C:\xampp\htdocs\cakephp\app\webroot\index.php(108): Dispatcher->dispatch(Object(CakeRequest), Object(CakeResponse))
#15 {main}
2015-06-14 17:07:23 Error: [PDOException] SQLSTATE[42S22]: Column not found: 1054 Unknown column 'Post.plugin_id' in 'field list'
Request URL: /
Stack Trace:
#0 C:\xampp\htdocs\cakephp\lib\Cake\Model\Datasource\DboSource.php(458): PDOStatement->execute(Array)
#1 C:\xampp\htdocs\cakephp\lib\Cake\Model\Datasource\DboSource.php(424): DboSource->_execute('SELECT `Post`.`...', Array)
#2 C:\xampp\htdocs\cakephp\lib\Cake\Model\Datasource\DboSource.php(664): DboSource->execute('SELECT `Post`.`...', Array, Array)
#3 C:\xampp\htdocs\cakephp\lib\Cake\Model\Datasource\DboSource.php(1338): DboSource->fetchAll('SELECT `Post`.`...', false)
#4 C:\xampp\htdocs\cakephp\lib\Cake\Model\Datasource\DboSource.php(1200): DboSource->fetchAssociated(Object(Homepg), 'SELECT `Post`.`...', Array)
#5 C:\xampp\htdocs\cakephp\lib\Cake\Model\Datasource\DboSource.php(1111): DboSource->queryAssociation(Object(Homepg), Object(Post), 'hasMany', 'Post', Array, Array, true, Array, 1, Array)
#6 C:\xampp\htdocs\cakephp\lib\Cake\Model\Model.php(2897): DboSource->read(Object(Homepg), Array)
#7 C:\xampp\htdocs\cakephp\lib\Cake\Model\Model.php(2869): Model->_readDataSource('all', Array)
#8 C:\xampp\htdocs\cakephp\lib\Cake\Controller\Component\PaginatorComponent.php(196): Model->find('all', Array)
#9 C:\xampp\htdocs\cakephp\app\Controller\HomepgController.php(14): PaginatorComponent->paginate()
#10 [internal function]: HomepgController->index()
#11 C:\xampp\htdocs\cakephp\lib\Cake\Controller\Controller.php(490): ReflectionMethod->invokeArgs(Object(HomepgController), Array)
#12 C:\xampp\htdocs\cakephp\lib\Cake\Routing\Dispatcher.php(185): Controller->invokeAction(Object(CakeRequest))
#13 C:\xampp\htdocs\cakephp\lib\Cake\Routing\Dispatcher.php(160): Dispatcher->_invoke(Object(HomepgController), Object(CakeRequest), Object(CakeResponse))
#14 C:\xampp\htdocs\cakephp\app\webroot\index.php(108): Dispatcher->dispatch(Object(CakeRequest), Object(CakeResponse))
#15 {main}
2015-06-14 17:07:28 Error: [PDOException] SQLSTATE[42S22]: Column not found: 1054 Unknown column 'Post.plugin_id' in 'field list'
Request URL: /
Stack Trace:
#0 C:\xampp\htdocs\cakephp\lib\Cake\Model\Datasource\DboSource.php(458): PDOStatement->execute(Array)
#1 C:\xampp\htdocs\cakephp\lib\Cake\Model\Datasource\DboSource.php(424): DboSource->_execute('SELECT `Post`.`...', Array)
#2 C:\xampp\htdocs\cakephp\lib\Cake\Model\Datasource\DboSource.php(664): DboSource->execute('SELECT `Post`.`...', Array, Array)
#3 C:\xampp\htdocs\cakephp\lib\Cake\Model\Datasource\DboSource.php(1338): DboSource->fetchAll('SELECT `Post`.`...', false)
#4 C:\xampp\htdocs\cakephp\lib\Cake\Model\Datasource\DboSource.php(1200): DboSource->fetchAssociated(Object(Homepg), 'SELECT `Post`.`...', Array)
#5 C:\xampp\htdocs\cakephp\lib\Cake\Model\Datasource\DboSource.php(1111): DboSource->queryAssociation(Object(Homepg), Object(Post), 'hasMany', 'Post', Array, Array, true, Array, 1, Array)
#6 C:\xampp\htdocs\cakephp\lib\Cake\Model\Model.php(2897): DboSource->read(Object(Homepg), Array)
#7 C:\xampp\htdocs\cakephp\lib\Cake\Model\Model.php(2869): Model->_readDataSource('all', Array)
#8 C:\xampp\htdocs\cakephp\lib\Cake\Controller\Component\PaginatorComponent.php(196): Model->find('all', Array)
#9 C:\xampp\htdocs\cakephp\app\Controller\HomepgController.php(14): PaginatorComponent->paginate()
#10 [internal function]: HomepgController->index()
#11 C:\xampp\htdocs\cakephp\lib\Cake\Controller\Controller.php(490): ReflectionMethod->invokeArgs(Object(HomepgController), Array)
#12 C:\xampp\htdocs\cakephp\lib\Cake\Routing\Dispatcher.php(185): Controller->invokeAction(Object(CakeRequest))
#13 C:\xampp\htdocs\cakephp\lib\Cake\Routing\Dispatcher.php(160): Dispatcher->_invoke(Object(HomepgController), Object(CakeRequest), Object(CakeResponse))
#14 C:\xampp\htdocs\cakephp\app\webroot\index.php(108): Dispatcher->dispatch(Object(CakeRequest), Object(CakeResponse))
#15 {main}
2015-06-14 17:07:29 Error: [PDOException] SQLSTATE[42S22]: Column not found: 1054 Unknown column 'Post.plugin_id' in 'field list'
Request URL: /
Stack Trace:
#0 C:\xampp\htdocs\cakephp\lib\Cake\Model\Datasource\DboSource.php(458): PDOStatement->execute(Array)
#1 C:\xampp\htdocs\cakephp\lib\Cake\Model\Datasource\DboSource.php(424): DboSource->_execute('SELECT `Post`.`...', Array)
#2 C:\xampp\htdocs\cakephp\lib\Cake\Model\Datasource\DboSource.php(664): DboSource->execute('SELECT `Post`.`...', Array, Array)
#3 C:\xampp\htdocs\cakephp\lib\Cake\Model\Datasource\DboSource.php(1338): DboSource->fetchAll('SELECT `Post`.`...', false)
#4 C:\xampp\htdocs\cakephp\lib\Cake\Model\Datasource\DboSource.php(1200): DboSource->fetchAssociated(Object(Homepg), 'SELECT `Post`.`...', Array)
#5 C:\xampp\htdocs\cakephp\lib\Cake\Model\Datasource\DboSource.php(1111): DboSource->queryAssociation(Object(Homepg), Object(Post), 'hasMany', 'Post', Array, Array, true, Array, 1, Array)
#6 C:\xampp\htdocs\cakephp\lib\Cake\Model\Model.php(2897): DboSource->read(Object(Homepg), Array)
#7 C:\xampp\htdocs\cakephp\lib\Cake\Model\Model.php(2869): Model->_readDataSource('all', Array)
#8 C:\xampp\htdocs\cakephp\lib\Cake\Controller\Component\PaginatorComponent.php(196): Model->find('all', Array)
#9 C:\xampp\htdocs\cakephp\app\Controller\HomepgController.php(14): PaginatorComponent->paginate()
#10 [internal function]: HomepgController->index()
#11 C:\xampp\htdocs\cakephp\lib\Cake\Controller\Controller.php(490): ReflectionMethod->invokeArgs(Object(HomepgController), Array)
#12 C:\xampp\htdocs\cakephp\lib\Cake\Routing\Dispatcher.php(185): Controller->invokeAction(Object(CakeRequest))
#13 C:\xampp\htdocs\cakephp\lib\Cake\Routing\Dispatcher.php(160): Dispatcher->_invoke(Object(HomepgController), Object(CakeRequest), Object(CakeResponse))
#14 C:\xampp\htdocs\cakephp\app\webroot\index.php(108): Dispatcher->dispatch(Object(CakeRequest), Object(CakeResponse))
#15 {main}
2015-06-14 17:07:30 Error: [PDOException] SQLSTATE[42S22]: Column not found: 1054 Unknown column 'Post.plugin_id' in 'field list'
Request URL: /
Stack Trace:
#0 C:\xampp\htdocs\cakephp\lib\Cake\Model\Datasource\DboSource.php(458): PDOStatement->execute(Array)
#1 C:\xampp\htdocs\cakephp\lib\Cake\Model\Datasource\DboSource.php(424): DboSource->_execute('SELECT `Post`.`...', Array)
#2 C:\xampp\htdocs\cakephp\lib\Cake\Model\Datasource\DboSource.php(664): DboSource->execute('SELECT `Post`.`...', Array, Array)
#3 C:\xampp\htdocs\cakephp\lib\Cake\Model\Datasource\DboSource.php(1338): DboSource->fetchAll('SELECT `Post`.`...', false)
#4 C:\xampp\htdocs\cakephp\lib\Cake\Model\Datasource\DboSource.php(1200): DboSource->fetchAssociated(Object(Homepg), 'SELECT `Post`.`...', Array)
#5 C:\xampp\htdocs\cakephp\lib\Cake\Model\Datasource\DboSource.php(1111): DboSource->queryAssociation(Object(Homepg), Object(Post), 'hasMany', 'Post', Array, Array, true, Array, 1, Array)
#6 C:\xampp\htdocs\cakephp\lib\Cake\Model\Model.php(2897): DboSource->read(Object(Homepg), Array)
#7 C:\xampp\htdocs\cakephp\lib\Cake\Model\Model.php(2869): Model->_readDataSource('all', Array)
#8 C:\xampp\htdocs\cakephp\lib\Cake\Controller\Component\PaginatorComponent.php(196): Model->find('all', Array)
#9 C:\xampp\htdocs\cakephp\app\Controller\HomepgController.php(14): PaginatorComponent->paginate()
#10 [internal function]: HomepgController->index()
#11 C:\xampp\htdocs\cakephp\lib\Cake\Controller\Controller.php(490): ReflectionMethod->invokeArgs(Object(HomepgController), Array)
#12 C:\xampp\htdocs\cakephp\lib\Cake\Routing\Dispatcher.php(185): Controller->invokeAction(Object(CakeRequest))
#13 C:\xampp\htdocs\cakephp\lib\Cake\Routing\Dispatcher.php(160): Dispatcher->_invoke(Object(HomepgController), Object(CakeRequest), Object(CakeResponse))
#14 C:\xampp\htdocs\cakephp\app\webroot\index.php(108): Dispatcher->dispatch(Object(CakeRequest), Object(CakeResponse))
#15 {main}
2015-06-14 17:07:31 Error: [PDOException] SQLSTATE[42S22]: Column not found: 1054 Unknown column 'Post.plugin_id' in 'field list'
Request URL: /
Stack Trace:
#0 C:\xampp\htdocs\cakephp\lib\Cake\Model\Datasource\DboSource.php(458): PDOStatement->execute(Array)
#1 C:\xampp\htdocs\cakephp\lib\Cake\Model\Datasource\DboSource.php(424): DboSource->_execute('SELECT `Post`.`...', Array)
#2 C:\xampp\htdocs\cakephp\lib\Cake\Model\Datasource\DboSource.php(664): DboSource->execute('SELECT `Post`.`...', Array, Array)
#3 C:\xampp\htdocs\cakephp\lib\Cake\Model\Datasource\DboSource.php(1338): DboSource->fetchAll('SELECT `Post`.`...', false)
#4 C:\xampp\htdocs\cakephp\lib\Cake\Model\Datasource\DboSource.php(1200): DboSource->fetchAssociated(Object(Homepg), 'SELECT `Post`.`...', Array)
#5 C:\xampp\htdocs\cakephp\lib\Cake\Model\Datasource\DboSource.php(1111): DboSource->queryAssociation(Object(Homepg), Object(Post), 'hasMany', 'Post', Array, Array, true, Array, 1, Array)
#6 C:\xampp\htdocs\cakephp\lib\Cake\Model\Model.php(2897): DboSource->read(Object(Homepg), Array)
#7 C:\xampp\htdocs\cakephp\lib\Cake\Model\Model.php(2869): Model->_readDataSource('all', Array)
#8 C:\xampp\htdocs\cakephp\lib\Cake\Controller\Component\PaginatorComponent.php(196): Model->find('all', Array)
#9 C:\xampp\htdocs\cakephp\app\Controller\HomepgController.php(14): PaginatorComponent->paginate()
#10 [internal function]: HomepgController->index()
#11 C:\xampp\htdocs\cakephp\lib\Cake\Controller\Controller.php(490): ReflectionMethod->invokeArgs(Object(HomepgController), Array)
#12 C:\xampp\htdocs\cakephp\lib\Cake\Routing\Dispatcher.php(185): Controller->invokeAction(Object(CakeRequest))
#13 C:\xampp\htdocs\cakephp\lib\Cake\Routing\Dispatcher.php(160): Dispatcher->_invoke(Object(HomepgController), Object(CakeRequest), Object(CakeResponse))
#14 C:\xampp\htdocs\cakephp\app\webroot\index.php(108): Dispatcher->dispatch(Object(CakeRequest), Object(CakeResponse))
#15 {main}
2015-06-14 17:24:44 Error: [PDOException] SQLSTATE[42S22]: Column not found: 1054 Unknown column 'Post.plugin_id' in 'field list'
Request URL: /
Stack Trace:
#0 C:\xampp\htdocs\cakephp\lib\Cake\Model\Datasource\DboSource.php(458): PDOStatement->execute(Array)
#1 C:\xampp\htdocs\cakephp\lib\Cake\Model\Datasource\DboSource.php(424): DboSource->_execute('SELECT `Post`.`...', Array)
#2 C:\xampp\htdocs\cakephp\lib\Cake\Model\Datasource\DboSource.php(664): DboSource->execute('SELECT `Post`.`...', Array, Array)
#3 C:\xampp\htdocs\cakephp\lib\Cake\Model\Datasource\DboSource.php(1338): DboSource->fetchAll('SELECT `Post`.`...', false)
#4 C:\xampp\htdocs\cakephp\lib\Cake\Model\Datasource\DboSource.php(1200): DboSource->fetchAssociated(Object(Homepg), 'SELECT `Post`.`...', Array)
#5 C:\xampp\htdocs\cakephp\lib\Cake\Model\Datasource\DboSource.php(1111): DboSource->queryAssociation(Object(Homepg), Object(Post), 'hasMany', 'Post', Array, Array, true, Array, 1, Array)
#6 C:\xampp\htdocs\cakephp\lib\Cake\Model\Model.php(2897): DboSource->read(Object(Homepg), Array)
#7 C:\xampp\htdocs\cakephp\lib\Cake\Model\Model.php(2869): Model->_readDataSource('all', Array)
#8 C:\xampp\htdocs\cakephp\lib\Cake\Controller\Component\PaginatorComponent.php(196): Model->find('all', Array)
#9 C:\xampp\htdocs\cakephp\app\Controller\HomepgController.php(14): PaginatorComponent->paginate()
#10 [internal function]: HomepgController->index()
#11 C:\xampp\htdocs\cakephp\lib\Cake\Controller\Controller.php(490): ReflectionMethod->invokeArgs(Object(HomepgController), Array)
#12 C:\xampp\htdocs\cakephp\lib\Cake\Routing\Dispatcher.php(185): Controller->invokeAction(Object(CakeRequest))
#13 C:\xampp\htdocs\cakephp\lib\Cake\Routing\Dispatcher.php(160): Dispatcher->_invoke(Object(HomepgController), Object(CakeRequest), Object(CakeResponse))
#14 C:\xampp\htdocs\cakephp\app\webroot\index.php(108): Dispatcher->dispatch(Object(CakeRequest), Object(CakeResponse))
#15 {main}
2015-06-14 17:47:51 Error: [MissingControllerException] Controller class HomepgsController could not be found.
Exception Attributes: array (
  'class' => 'HomepgsController',
  'plugin' => NULL,
)
Request URL: /
Stack Trace:
#0 C:\xampp\htdocs\cakephp\app\webroot\index.php(108): Dispatcher->dispatch(Object(CakeRequest), Object(CakeResponse))
#1 {main}
2015-06-14 17:48:11 Error: [MissingControllerException] Controller class HomepgsController could not be found.
Exception Attributes: array (
  'class' => 'HomepgsController',
  'plugin' => NULL,
)
Request URL: /
Stack Trace:
#0 C:\xampp\htdocs\cakephp\app\webroot\index.php(108): Dispatcher->dispatch(Object(CakeRequest), Object(CakeResponse))
#1 {main}
2015-06-14 18:00:45 Error: Fatal Error (1): Call to a member function exists() on a non-object in [C:\xampp\htdocs\cakephp\app\Controller\PluginController.php, line 13]
2015-06-14 18:00:45 Error: [FatalErrorException] Call to a member function exists() on a non-object
Request URL: /Plugin/index/1
Stack Trace:
#0 C:\xampp\htdocs\cakephp\lib\Cake\Error\ErrorHandler.php(203): ErrorHandler::handleFatalError(1, 'Call to a membe...', 'C:\\xampp\\htdocs...', 13)
#1 [internal function]: ErrorHandler::handleError(1, 'Call to a membe...', 'C:\\xampp\\htdocs...', 13, Array)
#2 C:\xampp\htdocs\cakephp\lib\Cake\Core\App.php(929): call_user_func('ErrorHandler::h...', 1, 'Call to a membe...', 'C:\\xampp\\htdocs...', 13, Array)
#3 C:\xampp\htdocs\cakephp\lib\Cake\Core\App.php(902): App::_checkFatalError()
#4 [internal function]: App::shutdown()
#5 {main}
2015-06-14 18:02:24 Error: Fatal Error (1): Call to a member function exists() on a non-object in [C:\xampp\htdocs\cakephp\app\Controller\PluginController.php, line 13]
2015-06-14 18:02:24 Error: [FatalErrorException] Call to a member function exists() on a non-object
Request URL: /Plugin/index/1
Stack Trace:
#0 C:\xampp\htdocs\cakephp\lib\Cake\Error\ErrorHandler.php(203): ErrorHandler::handleFatalError(1, 'Call to a membe...', 'C:\\xampp\\htdocs...', 13)
#1 [internal function]: ErrorHandler::handleError(1, 'Call to a membe...', 'C:\\xampp\\htdocs...', 13, Array)
#2 C:\xampp\htdocs\cakephp\lib\Cake\Core\App.php(929): call_user_func('ErrorHandler::h...', 1, 'Call to a membe...', 'C:\\xampp\\htdocs...', 13, Array)
#3 C:\xampp\htdocs\cakephp\lib\Cake\Core\App.php(902): App::_checkFatalError()
#4 [internal function]: App::shutdown()
#5 {main}
2015-06-14 18:08:54 Error: Fatal Error (1): Call to a member function exists() on a non-object in [C:\xampp\htdocs\cakephp\app\Controller\PluginController.php, line 13]
2015-06-14 18:08:54 Error: [FatalErrorException] Call to a member function exists() on a non-object
Request URL: /Plugin/index/1
Stack Trace:
#0 C:\xampp\htdocs\cakephp\lib\Cake\Error\ErrorHandler.php(203): ErrorHandler::handleFatalError(1, 'Call to a membe...', 'C:\\xampp\\htdocs...', 13)
#1 [internal function]: ErrorHandler::handleError(1, 'Call to a membe...', 'C:\\xampp\\htdocs...', 13, Array)
#2 C:\xampp\htdocs\cakephp\lib\Cake\Core\App.php(929): call_user_func('ErrorHandler::h...', 1, 'Call to a membe...', 'C:\\xampp\\htdocs...', 13, Array)
#3 C:\xampp\htdocs\cakephp\lib\Cake\Core\App.php(902): App::_checkFatalError()
#4 [internal function]: App::shutdown()
#5 {main}
2015-06-14 18:08:55 Error: Fatal Error (1): Call to a member function exists() on a non-object in [C:\xampp\htdocs\cakephp\app\Controller\PluginController.php, line 13]
2015-06-14 18:08:55 Error: [FatalErrorException] Call to a member function exists() on a non-object
Request URL: /Plugin/index/1
Stack Trace:
#0 C:\xampp\htdocs\cakephp\lib\Cake\Error\ErrorHandler.php(203): ErrorHandler::handleFatalError(1, 'Call to a membe...', 'C:\\xampp\\htdocs...', 13)
#1 [internal function]: ErrorHandler::handleError(1, 'Call to a membe...', 'C:\\xampp\\htdocs...', 13, Array)
#2 C:\xampp\htdocs\cakephp\lib\Cake\Core\App.php(929): call_user_func('ErrorHandler::h...', 1, 'Call to a membe...', 'C:\\xampp\\htdocs...', 13, Array)
#3 C:\xampp\htdocs\cakephp\lib\Cake\Core\App.php(902): App::_checkFatalError()
#4 [internal function]: App::shutdown()
#5 {main}
2015-06-14 18:08:56 Error: Fatal Error (1): Call to a member function exists() on a non-object in [C:\xampp\htdocs\cakephp\app\Controller\PluginController.php, line 13]
2015-06-14 18:08:56 Error: [FatalErrorException] Call to a member function exists() on a non-object
Request URL: /Plugin/index/1
Stack Trace:
#0 C:\xampp\htdocs\cakephp\lib\Cake\Error\ErrorHandler.php(203): ErrorHandler::handleFatalError(1, 'Call to a membe...', 'C:\\xampp\\htdocs...', 13)
#1 [internal function]: ErrorHandler::handleError(1, 'Call to a membe...', 'C:\\xampp\\htdocs...', 13, Array)
#2 C:\xampp\htdocs\cakephp\lib\Cake\Core\App.php(929): call_user_func('ErrorHandler::h...', 1, 'Call to a membe...', 'C:\\xampp\\htdocs...', 13, Array)
#3 C:\xampp\htdocs\cakephp\lib\Cake\Core\App.php(902): App::_checkFatalError()
#4 [internal function]: App::shutdown()
#5 {main}
2015-06-14 18:08:56 Error: Fatal Error (1): Call to a member function exists() on a non-object in [C:\xampp\htdocs\cakephp\app\Controller\PluginController.php, line 13]
2015-06-14 18:08:56 Error: [FatalErrorException] Call to a member function exists() on a non-object
Request URL: /Plugin/index/1
Stack Trace:
#0 C:\xampp\htdocs\cakephp\lib\Cake\Error\ErrorHandler.php(203): ErrorHandler::handleFatalError(1, 'Call to a membe...', 'C:\\xampp\\htdocs...', 13)
#1 [internal function]: ErrorHandler::handleError(1, 'Call to a membe...', 'C:\\xampp\\htdocs...', 13, Array)
#2 C:\xampp\htdocs\cakephp\lib\Cake\Core\App.php(929): call_user_func('ErrorHandler::h...', 1, 'Call to a membe...', 'C:\\xampp\\htdocs...', 13, Array)
#3 C:\xampp\htdocs\cakephp\lib\Cake\Core\App.php(902): App::_checkFatalError()
#4 [internal function]: App::shutdown()
#5 {main}
2015-06-16 11:56:16 Error: Fatal Error (4): syntax error, unexpected '<' in [C:\Users\LewisDesktop\Dropbox\SENG 6290 XAMP\xampp\htdocs\cakephp\app\View\Homepage\index.ctp, line 69]
2015-06-16 11:56:16 Error: [FatalErrorException] syntax error, unexpected '<'
Request URL: /
Stack Trace:
#0 C:\Users\LewisDesktop\Dropbox\SENG 6290 XAMP\xampp\htdocs\cakephp\lib\Cake\Error\ErrorHandler.php(203): ErrorHandler::handleFatalError(4, 'syntax error, u...', 'C:\\Users\\LewisD...', 69)
#1 [internal function]: ErrorHandler::handleError(4, 'syntax error, u...', 'C:\\Users\\LewisD...', 69, Array)
#2 C:\Users\LewisDesktop\Dropbox\SENG 6290 XAMP\xampp\htdocs\cakephp\lib\Cake\Core\App.php(929): call_user_func('ErrorHandler::h...', 4, 'syntax error, u...', 'C:\\Users\\LewisD...', 69, Array)
#3 C:\Users\LewisDesktop\Dropbox\SENG 6290 XAMP\xampp\htdocs\cakephp\lib\Cake\Core\App.php(902): App::_checkFatalError()
#4 [internal function]: App::shutdown()
#5 {main}
2015-06-16 11:59:09 Error: Fatal Error (4): syntax error, unexpected '<' in [C:\Users\LewisDesktop\Dropbox\SENG 6290 XAMP\xampp\htdocs\cakephp\app\View\Homepage\index.ctp, line 69]
2015-06-16 11:59:09 Error: [FatalErrorException] syntax error, unexpected '<'
Request URL: /
Stack Trace:
#0 C:\Users\LewisDesktop\Dropbox\SENG 6290 XAMP\xampp\htdocs\cakephp\lib\Cake\Error\ErrorHandler.php(203): ErrorHandler::handleFatalError(4, 'syntax error, u...', 'C:\\Users\\LewisD...', 69)
#1 [internal function]: ErrorHandler::handleError(4, 'syntax error, u...', 'C:\\Users\\LewisD...', 69, Array)
#2 C:\Users\LewisDesktop\Dropbox\SENG 6290 XAMP\xampp\htdocs\cakephp\lib\Cake\Core\App.php(929): call_user_func('ErrorHandler::h...', 4, 'syntax error, u...', 'C:\\Users\\LewisD...', 69, Array)
#3 C:\Users\LewisDesktop\Dropbox\SENG 6290 XAMP\xampp\htdocs\cakephp\lib\Cake\Core\App.php(902): App::_checkFatalError()
#4 [internal function]: App::shutdown()
#5 {main}
2015-06-16 12:01:17 Error: [BadRequestException] Invalid parameters
Request URL: /debug_kit/toolbar_access/sql_explain
Stack Trace:
#0 [internal function]: ToolbarAccessController->sql_explain()
#1 C:\Users\LewisDesktop\Dropbox\SENG 6290 XAMP\xampp\htdocs\cakephp\lib\Cake\Controller\Controller.php(490): ReflectionMethod->invokeArgs(Object(ToolbarAccessController), Array)
#2 C:\Users\LewisDesktop\Dropbox\SENG 6290 XAMP\xampp\htdocs\cakephp\lib\Cake\Routing\Dispatcher.php(185): Controller->invokeAction(Object(CakeRequest))
#3 C:\Users\LewisDesktop\Dropbox\SENG 6290 XAMP\xampp\htdocs\cakephp\lib\Cake\Routing\Dispatcher.php(160): Dispatcher->_invoke(Object(ToolbarAccessController), Object(CakeRequest), Object(CakeResponse))
#4 C:\Users\LewisDesktop\Dropbox\SENG 6290 XAMP\xampp\htdocs\cakephp\app\webroot\index.php(108): Dispatcher->dispatch(Object(CakeRequest), Object(CakeResponse))
#5 {main}
2015-06-17 08:17:02 Error: [MissingControllerException] Controller class WpController could not be found.
Exception Attributes: array (
  'class' => 'WpController',
  'plugin' => NULL,
)
Request URL: /wp/wp-content/plugins/wppopupbuilder/builder/index.php?popup_id=782
Stack Trace:
#0 C:\Users\LewisDesktop\Dropbox\SENG 6290 XAMP\xampp\htdocs\cakephp\app\webroot\index.php(108): Dispatcher->dispatch(Object(CakeRequest), Object(CakeResponse))
#1 {main}
2015-06-19 01:03:21 Error: [MissingConnectionException] Database connection "Mysql" is missing, or could not be created.
Exception Attributes: array (
  'class' => 'Mysql',
  'message' => 'SQLSTATE[HY000] [2002] No connection could be made because the target machine actively refused it.
',
  'enabled' => true,
)
Request URL: /
Stack Trace:
#0 C:\Users\LewisDesktop\Documents\GitHub\PluginTest\xampp\htdocs\cakephp\lib\Cake\Model\Datasource\DboSource.php(260): Mysql->connect()
#1 C:\Users\LewisDesktop\Documents\GitHub\PluginTest\xampp\htdocs\cakephp\lib\Cake\Model\ConnectionManager.php(105): DboSource->__construct(Array)
#2 C:\Users\LewisDesktop\Documents\GitHub\PluginTest\xampp\htdocs\cakephp\lib\Cake\Model\Model.php(3471): ConnectionManager::getDataSource('default')
#3 C:\Users\LewisDesktop\Documents\GitHub\PluginTest\xampp\htdocs\cakephp\lib\Cake\Model\Model.php(1126): Model->setDataSource('default')
#4 C:\Users\LewisDesktop\Documents\GitHub\PluginTest\xampp\htdocs\cakephp\lib\Cake\Model\Model.php(3493): Model->setSource('homepages')
#5 C:\Users\LewisDesktop\Documents\GitHub\PluginTest\xampp\htdocs\cakephp\lib\Cake\Model\Model.php(2897): Model->getDataSource()
#6 C:\Users\LewisDesktop\Documents\GitHub\PluginTest\xampp\htdocs\cakephp\lib\Cake\Model\Model.php(2869): Model->_readDataSource('all', Array)
#7 C:\Users\LewisDesktop\Documents\GitHub\PluginTest\xampp\htdocs\cakephp\lib\Cake\Controller\Component\PaginatorComponent.php(196): Model->find('all', Array)
#8 C:\Users\LewisDesktop\Documents\GitHub\PluginTest\xampp\htdocs\cakephp\app\Controller\homepageController.php(14): PaginatorComponent->paginate()
#9 [internal function]: HomepageController->index()
#10 C:\Users\LewisDesktop\Documents\GitHub\PluginTest\xampp\htdocs\cakephp\lib\Cake\Controller\Controller.php(490): ReflectionMethod->invokeArgs(Object(HomepageController), Array)
#11 C:\Users\LewisDesktop\Documents\GitHub\PluginTest\xampp\htdocs\cakephp\lib\Cake\Routing\Dispatcher.php(185): Controller->invokeAction(Object(CakeRequest))
#12 C:\Users\LewisDesktop\Documents\GitHub\PluginTest\xampp\htdocs\cakephp\lib\Cake\Routing\Dispatcher.php(160): Dispatcher->_invoke(Object(HomepageController), Object(CakeRequest), Object(CakeResponse))
#13 C:\Users\LewisDesktop\Documents\GitHub\PluginTest\xampp\htdocs\cakephp\app\webroot\index.php(108): Dispatcher->dispatch(Object(CakeRequest), Object(CakeResponse))
#14 {main}
2015-06-19 01:03:37 Error: [MissingConnectionException] Database connection "Mysql" is missing, or could not be created.
Exception Attributes: array (
  'class' => 'Mysql',
  'message' => 'SQLSTATE[HY000] [1049] Unknown database \'capforum\'',
  'enabled' => true,
)
Request URL: /
Stack Trace:
#0 C:\Users\LewisDesktop\Documents\GitHub\PluginTest\xampp\htdocs\cakephp\lib\Cake\Model\Datasource\DboSource.php(260): Mysql->connect()
#1 C:\Users\LewisDesktop\Documents\GitHub\PluginTest\xampp\htdocs\cakephp\lib\Cake\Model\ConnectionManager.php(105): DboSource->__construct(Array)
#2 C:\Users\LewisDesktop\Documents\GitHub\PluginTest\xampp\htdocs\cakephp\lib\Cake\Model\Model.php(3471): ConnectionManager::getDataSource('default')
#3 C:\Users\LewisDesktop\Documents\GitHub\PluginTest\xampp\htdocs\cakephp\lib\Cake\Model\Model.php(1126): Model->setDataSource('default')
#4 C:\Users\LewisDesktop\Documents\GitHub\PluginTest\xampp\htdocs\cakephp\lib\Cake\Model\Model.php(3493): Model->setSource('homepages')
#5 C:\Users\LewisDesktop\Documents\GitHub\PluginTest\xampp\htdocs\cakephp\lib\Cake\Model\Model.php(2897): Model->getDataSource()
#6 C:\Users\LewisDesktop\Documents\GitHub\PluginTest\xampp\htdocs\cakephp\lib\Cake\Model\Model.php(2869): Model->_readDataSource('all', Array)
#7 C:\Users\LewisDesktop\Documents\GitHub\PluginTest\xampp\htdocs\cakephp\lib\Cake\Controller\Component\PaginatorComponent.php(196): Model->find('all', Array)
#8 C:\Users\LewisDesktop\Documents\GitHub\PluginTest\xampp\htdocs\cakephp\app\Controller\homepageController.php(14): PaginatorComponent->paginate()
#9 [internal function]: HomepageController->index()
#10 C:\Users\LewisDesktop\Documents\GitHub\PluginTest\xampp\htdocs\cakephp\lib\Cake\Controller\Controller.php(490): ReflectionMethod->invokeArgs(Object(HomepageController), Array)
#11 C:\Users\LewisDesktop\Documents\GitHub\PluginTest\xampp\htdocs\cakephp\lib\Cake\Routing\Dispatcher.php(185): Controller->invokeAction(Object(CakeRequest))
#12 C:\Users\LewisDesktop\Documents\GitHub\PluginTest\xampp\htdocs\cakephp\lib\Cake\Routing\Dispatcher.php(160): Dispatcher->_invoke(Object(HomepageController), Object(CakeRequest), Object(CakeResponse))
#13 C:\Users\LewisDesktop\Documents\GitHub\PluginTest\xampp\htdocs\cakephp\app\webroot\index.php(108): Dispatcher->dispatch(Object(CakeRequest), Object(CakeResponse))
#14 {main}
2015-06-19 01:03:38 Error: [MissingConnectionException] Database connection "Mysql" is missing, or could not be created.
Exception Attributes: array (
  'class' => 'Mysql',
  'message' => 'SQLSTATE[HY000] [1049] Unknown database \'capforum\'',
  'enabled' => true,
)
Request URL: /
Stack Trace:
#0 C:\Users\LewisDesktop\Documents\GitHub\PluginTest\xampp\htdocs\cakephp\lib\Cake\Model\Datasource\DboSource.php(260): Mysql->connect()
#1 C:\Users\LewisDesktop\Documents\GitHub\PluginTest\xampp\htdocs\cakephp\lib\Cake\Model\ConnectionManager.php(105): DboSource->__construct(Array)
#2 C:\Users\LewisDesktop\Documents\GitHub\PluginTest\xampp\htdocs\cakephp\lib\Cake\Model\Model.php(3471): ConnectionManager::getDataSource('default')
#3 C:\Users\LewisDesktop\Documents\GitHub\PluginTest\xampp\htdocs\cakephp\lib\Cake\Model\Model.php(1126): Model->setDataSource('default')
#4 C:\Users\LewisDesktop\Documents\GitHub\PluginTest\xampp\htdocs\cakephp\lib\Cake\Model\Model.php(3493): Model->setSource('homepages')
#5 C:\Users\LewisDesktop\Documents\GitHub\PluginTest\xampp\htdocs\cakephp\lib\Cake\Model\Model.php(2897): Model->getDataSource()
#6 C:\Users\LewisDesktop\Documents\GitHub\PluginTest\xampp\htdocs\cakephp\lib\Cake\Model\Model.php(2869): Model->_readDataSource('all', Array)
#7 C:\Users\LewisDesktop\Documents\GitHub\PluginTest\xampp\htdocs\cakephp\lib\Cake\Controller\Component\PaginatorComponent.php(196): Model->find('all', Array)
#8 C:\Users\LewisDesktop\Documents\GitHub\PluginTest\xampp\htdocs\cakephp\app\Controller\homepageController.php(14): PaginatorComponent->paginate()
#9 [internal function]: HomepageController->index()
#10 C:\Users\LewisDesktop\Documents\GitHub\PluginTest\xampp\htdocs\cakephp\lib\Cake\Controller\Controller.php(490): ReflectionMethod->invokeArgs(Object(HomepageController), Array)
#11 C:\Users\LewisDesktop\Documents\GitHub\PluginTest\xampp\htdocs\cakephp\lib\Cake\Routing\Dispatcher.php(185): Controller->invokeAction(Object(CakeRequest))
#12 C:\Users\LewisDesktop\Documents\GitHub\PluginTest\xampp\htdocs\cakephp\lib\Cake\Routing\Dispatcher.php(160): Dispatcher->_invoke(Object(HomepageController), Object(CakeRequest), Object(CakeResponse))
#13 C:\Users\LewisDesktop\Documents\GitHub\PluginTest\xampp\htdocs\cakephp\app\webroot\index.php(108): Dispatcher->dispatch(Object(CakeRequest), Object(CakeResponse))
#14 {main}
2015-06-19 01:03:39 Error: [MissingConnectionException] Database connection "Mysql" is missing, or could not be created.
Exception Attributes: array (
  'class' => 'Mysql',
  'message' => 'SQLSTATE[HY000] [1049] Unknown database \'capforum\'',
  'enabled' => true,
)
Request URL: /
Stack Trace:
#0 C:\Users\LewisDesktop\Documents\GitHub\PluginTest\xampp\htdocs\cakephp\lib\Cake\Model\Datasource\DboSource.php(260): Mysql->connect()
#1 C:\Users\LewisDesktop\Documents\GitHub\PluginTest\xampp\htdocs\cakephp\lib\Cake\Model\ConnectionManager.php(105): DboSource->__construct(Array)
#2 C:\Users\LewisDesktop\Documents\GitHub\PluginTest\xampp\htdocs\cakephp\lib\Cake\Model\Model.php(3471): ConnectionManager::getDataSource('default')
#3 C:\Users\LewisDesktop\Documents\GitHub\PluginTest\xampp\htdocs\cakephp\lib\Cake\Model\Model.php(1126): Model->setDataSource('default')
#4 C:\Users\LewisDesktop\Documents\GitHub\PluginTest\xampp\htdocs\cakephp\lib\Cake\Model\Model.php(3493): Model->setSource('homepages')
#5 C:\Users\LewisDesktop\Documents\GitHub\PluginTest\xampp\htdocs\cakephp\lib\Cake\Model\Model.php(2897): Model->getDataSource()
#6 C:\Users\LewisDesktop\Documents\GitHub\PluginTest\xampp\htdocs\cakephp\lib\Cake\Model\Model.php(2869): Model->_readDataSource('all', Array)
#7 C:\Users\LewisDesktop\Documents\GitHub\PluginTest\xampp\htdocs\cakephp\lib\Cake\Controller\Component\PaginatorComponent.php(196): Model->find('all', Array)
#8 C:\Users\LewisDesktop\Documents\GitHub\PluginTest\xampp\htdocs\cakephp\app\Controller\homepageController.php(14): PaginatorComponent->paginate()
#9 [internal function]: HomepageController->index()
#10 C:\Users\LewisDesktop\Documents\GitHub\PluginTest\xampp\htdocs\cakephp\lib\Cake\Controller\Controller.php(490): ReflectionMethod->invokeArgs(Object(HomepageController), Array)
#11 C:\Users\LewisDesktop\Documents\GitHub\PluginTest\xampp\htdocs\cakephp\lib\Cake\Routing\Dispatcher.php(185): Controller->invokeAction(Object(CakeRequest))
#12 C:\Users\LewisDesktop\Documents\GitHub\PluginTest\xampp\htdocs\cakephp\lib\Cake\Routing\Dispatcher.php(160): Dispatcher->_invoke(Object(HomepageController), Object(CakeRequest), Object(CakeResponse))
#13 C:\Users\LewisDesktop\Documents\GitHub\PluginTest\xampp\htdocs\cakephp\app\webroot\index.php(108): Dispatcher->dispatch(Object(CakeRequest), Object(CakeResponse))
#14 {main}
2015-06-19 03:01:50 Error: [MissingTableException] Table homepages for model Homepage was not found in datasource default.
Exception Attributes: array (
  'table' => 'homepages',
  'class' => 'Homepage',
  'ds' => 'default',
)
Request URL: /
Stack Trace:
#0 C:\Users\LewisDesktop\Documents\GitHub\PluginTest\xampp\htdocs\cakephp\lib\Cake\Model\Model.php(3493): Model->setSource('homepages')
#1 C:\Users\LewisDesktop\Documents\GitHub\PluginTest\xampp\htdocs\cakephp\lib\Cake\Model\Model.php(2897): Model->getDataSource()
#2 C:\Users\LewisDesktop\Documents\GitHub\PluginTest\xampp\htdocs\cakephp\lib\Cake\Model\Model.php(2869): Model->_readDataSource('all', Array)
#3 C:\Users\LewisDesktop\Documents\GitHub\PluginTest\xampp\htdocs\cakephp\lib\Cake\Controller\Component\PaginatorComponent.php(196): Model->find('all', Array)
#4 C:\Users\LewisDesktop\Documents\GitHub\PluginTest\xampp\htdocs\cakephp\app\Controller\homepageController.php(14): PaginatorComponent->paginate()
#5 [internal function]: HomepageController->index()
#6 C:\Users\LewisDesktop\Documents\GitHub\PluginTest\xampp\htdocs\cakephp\lib\Cake\Controller\Controller.php(490): ReflectionMethod->invokeArgs(Object(HomepageController), Array)
#7 C:\Users\LewisDesktop\Documents\GitHub\PluginTest\xampp\htdocs\cakephp\lib\Cake\Routing\Dispatcher.php(185): Controller->invokeAction(Object(CakeRequest))
#8 C:\Users\LewisDesktop\Documents\GitHub\PluginTest\xampp\htdocs\cakephp\lib\Cake\Routing\Dispatcher.php(160): Dispatcher->_invoke(Object(HomepageController), Object(CakeRequest), Object(CakeResponse))
#9 C:\Users\LewisDesktop\Documents\GitHub\PluginTest\xampp\htdocs\cakephp\app\webroot\index.php(108): Dispatcher->dispatch(Object(CakeRequest), Object(CakeResponse))
#10 {main}
2015-06-19 04:05:48 Error: [MissingTableException] Table homepages for model Homepage was not found in datasource default.
Exception Attributes: array (
  'table' => 'homepages',
  'class' => 'Homepage',
  'ds' => 'default',
)
Request URL: /
Stack Trace:
#0 C:\Users\LewisDesktop\Documents\GitHub\PluginTest\xampp\htdocs\cakephp\lib\Cake\Model\Model.php(3493): Model->setSource('homepages')
#1 C:\Users\LewisDesktop\Documents\GitHub\PluginTest\xampp\htdocs\cakephp\lib\Cake\Model\Model.php(2897): Model->getDataSource()
#2 C:\Users\LewisDesktop\Documents\GitHub\PluginTest\xampp\htdocs\cakephp\lib\Cake\Model\Model.php(2869): Model->_readDataSource('all', Array)
#3 C:\Users\LewisDesktop\Documents\GitHub\PluginTest\xampp\htdocs\cakephp\lib\Cake\Controller\Component\PaginatorComponent.php(196): Model->find('all', Array)
#4 C:\Users\LewisDesktop\Documents\GitHub\PluginTest\xampp\htdocs\cakephp\app\Controller\homepageController.php(14): PaginatorComponent->paginate()
#5 [internal function]: HomepageController->index()
#6 C:\Users\LewisDesktop\Documents\GitHub\PluginTest\xampp\htdocs\cakephp\lib\Cake\Controller\Controller.php(490): ReflectionMethod->invokeArgs(Object(HomepageController), Array)
#7 C:\Users\LewisDesktop\Documents\GitHub\PluginTest\xampp\htdocs\cakephp\lib\Cake\Routing\Dispatcher.php(185): Controller->invokeAction(Object(CakeRequest))
#8 C:\Users\LewisDesktop\Documents\GitHub\PluginTest\xampp\htdocs\cakephp\lib\Cake\Routing\Dispatcher.php(160): Dispatcher->_invoke(Object(HomepageController), Object(CakeRequest), Object(CakeResponse))
#9 C:\Users\LewisDesktop\Documents\GitHub\PluginTest\xampp\htdocs\cakephp\app\webroot\index.php(108): Dispatcher->dispatch(Object(CakeRequest), Object(CakeResponse))
#10 {main}
2015-06-19 04:22:09 Error: [MissingTableException] Table homepages for model Homepage was not found in datasource default.
Exception Attributes: array (
  'table' => 'homepages',
  'class' => 'Homepage',
  'ds' => 'default',
)
Request URL: /
Stack Trace:
#0 C:\Users\LewisDesktop\Documents\GitHub\PluginTest\xampp\htdocs\cakephp\lib\Cake\Model\Model.php(3493): Model->setSource('homepages')
#1 C:\Users\LewisDesktop\Documents\GitHub\PluginTest\xampp\htdocs\cakephp\lib\Cake\Model\Model.php(2897): Model->getDataSource()
#2 C:\Users\LewisDesktop\Documents\GitHub\PluginTest\xampp\htdocs\cakephp\lib\Cake\Model\Model.php(2869): Model->_readDataSource('all', Array)
#3 C:\Users\LewisDesktop\Documents\GitHub\PluginTest\xampp\htdocs\cakephp\lib\Cake\Controller\Component\PaginatorComponent.php(196): Model->find('all', Array)
#4 C:\Users\LewisDesktop\Documents\GitHub\PluginTest\xampp\htdocs\cakephp\app\Controller\homepageController.php(14): PaginatorComponent->paginate()
#5 [internal function]: HomepageController->index()
#6 C:\Users\LewisDesktop\Documents\GitHub\PluginTest\xampp\htdocs\cakephp\lib\Cake\Controller\Controller.php(490): ReflectionMethod->invokeArgs(Object(HomepageController), Array)
#7 C:\Users\LewisDesktop\Documents\GitHub\PluginTest\xampp\htdocs\cakephp\lib\Cake\Routing\Dispatcher.php(185): Controller->invokeAction(Object(CakeRequest))
#8 C:\Users\LewisDesktop\Documents\GitHub\PluginTest\xampp\htdocs\cakephp\lib\Cake\Routing\Dispatcher.php(160): Dispatcher->_invoke(Object(HomepageController), Object(CakeRequest), Object(CakeResponse))
#9 C:\Users\LewisDesktop\Documents\GitHub\PluginTest\xampp\htdocs\cakephp\app\webroot\index.php(108): Dispatcher->dispatch(Object(CakeRequest), Object(CakeResponse))
#10 {main}
2015-06-19 04:22:10 Error: [MissingTableException] Table homepages for model Homepage was not found in datasource default.
Exception Attributes: array (
  'table' => 'homepages',
  'class' => 'Homepage',
  'ds' => 'default',
)
Request URL: /
Stack Trace:
#0 C:\Users\LewisDesktop\Documents\GitHub\PluginTest\xampp\htdocs\cakephp\lib\Cake\Model\Model.php(3493): Model->setSource('homepages')
#1 C:\Users\LewisDesktop\Documents\GitHub\PluginTest\xampp\htdocs\cakephp\lib\Cake\Model\Model.php(2897): Model->getDataSource()
#2 C:\Users\LewisDesktop\Documents\GitHub\PluginTest\xampp\htdocs\cakephp\lib\Cake\Model\Model.php(2869): Model->_readDataSource('all', Array)
#3 C:\Users\LewisDesktop\Documents\GitHub\PluginTest\xampp\htdocs\cakephp\lib\Cake\Controller\Component\PaginatorComponent.php(196): Model->find('all', Array)
#4 C:\Users\LewisDesktop\Documents\GitHub\PluginTest\xampp\htdocs\cakephp\app\Controller\homepageController.php(14): PaginatorComponent->paginate()
#5 [internal function]: HomepageController->index()
#6 C:\Users\LewisDesktop\Documents\GitHub\PluginTest\xampp\htdocs\cakephp\lib\Cake\Controller\Controller.php(490): ReflectionMethod->invokeArgs(Object(HomepageController), Array)
#7 C:\Users\LewisDesktop\Documents\GitHub\PluginTest\xampp\htdocs\cakephp\lib\Cake\Routing\Dispatcher.php(185): Controller->invokeAction(Object(CakeRequest))
#8 C:\Users\LewisDesktop\Documents\GitHub\PluginTest\xampp\htdocs\cakephp\lib\Cake\Routing\Dispatcher.php(160): Dispatcher->_invoke(Object(HomepageController), Object(CakeRequest), Object(CakeResponse))
#9 C:\Users\LewisDesktop\Documents\GitHub\PluginTest\xampp\htdocs\cakephp\app\webroot\index.php(108): Dispatcher->dispatch(Object(CakeRequest), Object(CakeResponse))
#10 {main}
2015-06-19 04:23:42 Error: Fatal Error (64): Cannot redeclare class Plugin in [C:\Users\LewisDesktop\Documents\GitHub\PluginTest\xampp\htdocs\cakephp\app\Model\Homepage.php, line 112]
2015-06-19 04:23:42 Error: [FatalErrorException] Cannot redeclare class Plugin
Request URL: /
Stack Trace:
#0 C:\Users\LewisDesktop\Documents\GitHub\PluginTest\xampp\htdocs\cakephp\lib\Cake\Error\ErrorHandler.php(203): ErrorHandler::handleFatalError(64, 'Cannot redeclar...', 'C:\\Users\\LewisD...', 112)
#1 [internal function]: ErrorHandler::handleError(64, 'Cannot redeclar...', 'C:\\Users\\LewisD...', 112, Array)
#2 C:\Users\LewisDesktop\Documents\GitHub\PluginTest\xampp\htdocs\cakephp\lib\Cake\Core\App.php(929): call_user_func('ErrorHandler::h...', 64, 'Cannot redeclar...', 'C:\\Users\\LewisD...', 112, Array)
#3 C:\Users\LewisDesktop\Documents\GitHub\PluginTest\xampp\htdocs\cakephp\lib\Cake\Core\App.php(902): App::_checkFatalError()
#4 [internal function]: App::shutdown()
#5 {main}
2015-06-19 04:23:59 Error: Fatal Error (64): Cannot redeclare class Plugin in [C:\Users\LewisDesktop\Documents\GitHub\PluginTest\xampp\htdocs\cakephp\app\Model\Homepage.php, line 112]
2015-06-19 04:23:59 Error: [FatalErrorException] Cannot redeclare class Plugin
Request URL: /
Stack Trace:
#0 C:\Users\LewisDesktop\Documents\GitHub\PluginTest\xampp\htdocs\cakephp\lib\Cake\Error\ErrorHandler.php(203): ErrorHandler::handleFatalError(64, 'Cannot redeclar...', 'C:\\Users\\LewisD...', 112)
#1 [internal function]: ErrorHandler::handleError(64, 'Cannot redeclar...', 'C:\\Users\\LewisD...', 112, Array)
#2 C:\Users\LewisDesktop\Documents\GitHub\PluginTest\xampp\htdocs\cakephp\lib\Cake\Core\App.php(929): call_user_func('ErrorHandler::h...', 64, 'Cannot redeclar...', 'C:\\Users\\LewisD...', 112, Array)
#3 C:\Users\LewisDesktop\Documents\GitHub\PluginTest\xampp\htdocs\cakephp\lib\Cake\Core\App.php(902): App::_checkFatalError()
#4 [internal function]: App::shutdown()
#5 {main}
2015-06-19 04:24:00 Error: Fatal Error (64): Cannot redeclare class Plugin in [C:\Users\LewisDesktop\Documents\GitHub\PluginTest\xampp\htdocs\cakephp\app\Model\Homepage.php, line 112]
2015-06-19 04:24:00 Error: [FatalErrorException] Cannot redeclare class Plugin
Request URL: /
Stack Trace:
#0 C:\Users\LewisDesktop\Documents\GitHub\PluginTest\xampp\htdocs\cakephp\lib\Cake\Error\ErrorHandler.php(203): ErrorHandler::handleFatalError(64, 'Cannot redeclar...', 'C:\\Users\\LewisD...', 112)
#1 [internal function]: ErrorHandler::handleError(64, 'Cannot redeclar...', 'C:\\Users\\LewisD...', 112, Array)
#2 C:\Users\LewisDesktop\Documents\GitHub\PluginTest\xampp\htdocs\cakephp\lib\Cake\Core\App.php(929): call_user_func('ErrorHandler::h...', 64, 'Cannot redeclar...', 'C:\\Users\\LewisD...', 112, Array)
#3 C:\Users\LewisDesktop\Documents\GitHub\PluginTest\xampp\htdocs\cakephp\lib\Cake\Core\App.php(902): App::_checkFatalError()
#4 [internal function]: App::shutdown()
#5 {main}
2015-06-19 04:24:01 Error: Fatal Error (64): Cannot redeclare class Plugin in [C:\Users\LewisDesktop\Documents\GitHub\PluginTest\xampp\htdocs\cakephp\app\Model\Homepage.php, line 112]
2015-06-19 04:24:01 Error: [FatalErrorException] Cannot redeclare class Plugin
Request URL: /
Stack Trace:
#0 C:\Users\LewisDesktop\Documents\GitHub\PluginTest\xampp\htdocs\cakephp\lib\Cake\Error\ErrorHandler.php(203): ErrorHandler::handleFatalError(64, 'Cannot redeclar...', 'C:\\Users\\LewisD...', 112)
#1 [internal function]: ErrorHandler::handleError(64, 'Cannot redeclar...', 'C:\\Users\\LewisD...', 112, Array)
#2 C:\Users\LewisDesktop\Documents\GitHub\PluginTest\xampp\htdocs\cakephp\lib\Cake\Core\App.php(929): call_user_func('ErrorHandler::h...', 64, 'Cannot redeclar...', 'C:\\Users\\LewisD...', 112, Array)
#3 C:\Users\LewisDesktop\Documents\GitHub\PluginTest\xampp\htdocs\cakephp\lib\Cake\Core\App.php(902): App::_checkFatalError()
#4 [internal function]: App::shutdown()
#5 {main}
2015-06-19 04:24:01 Error: Fatal Error (64): Cannot redeclare class Plugin in [C:\Users\LewisDesktop\Documents\GitHub\PluginTest\xampp\htdocs\cakephp\app\Model\Homepage.php, line 112]
2015-06-19 04:24:01 Error: [FatalErrorException] Cannot redeclare class Plugin
Request URL: /
Stack Trace:
#0 C:\Users\LewisDesktop\Documents\GitHub\PluginTest\xampp\htdocs\cakephp\lib\Cake\Error\ErrorHandler.php(203): ErrorHandler::handleFatalError(64, 'Cannot redeclar...', 'C:\\Users\\LewisD...', 112)
#1 [internal function]: ErrorHandler::handleError(64, 'Cannot redeclar...', 'C:\\Users\\LewisD...', 112, Array)
#2 C:\Users\LewisDesktop\Documents\GitHub\PluginTest\xampp\htdocs\cakephp\lib\Cake\Core\App.php(929): call_user_func('ErrorHandler::h...', 64, 'Cannot redeclar...', 'C:\\Users\\LewisD...', 112, Array)
#3 C:\Users\LewisDesktop\Documents\GitHub\PluginTest\xampp\htdocs\cakephp\lib\Cake\Core\App.php(902): App::_checkFatalError()
#4 [internal function]: App::shutdown()
#5 {main}
2015-06-19 04:24:46 Error: Fatal Error (64): Cannot redeclare class Plugins in [C:\Users\LewisDesktop\Documents\GitHub\PluginTest\xampp\htdocs\cakephp\app\Model\Homepage.php, line 112]
2015-06-19 04:24:46 Error: [FatalErrorException] Cannot redeclare class Plugins
Request URL: /
Stack Trace:
#0 C:\Users\LewisDesktop\Documents\GitHub\PluginTest\xampp\htdocs\cakephp\lib\Cake\Error\ErrorHandler.php(203): ErrorHandler::handleFatalError(64, 'Cannot redeclar...', 'C:\\Users\\LewisD...', 112)
#1 [internal function]: ErrorHandler::handleError(64, 'Cannot redeclar...', 'C:\\Users\\LewisD...', 112, Array)
#2 C:\Users\LewisDesktop\Documents\GitHub\PluginTest\xampp\htdocs\cakephp\lib\Cake\Core\App.php(929): call_user_func('ErrorHandler::h...', 64, 'Cannot redeclar...', 'C:\\Users\\LewisD...', 112, Array)
#3 C:\Users\LewisDesktop\Documents\GitHub\PluginTest\xampp\htdocs\cakephp\lib\Cake\Core\App.php(902): App::_checkFatalError()
#4 [internal function]: App::shutdown()
#5 {main}
2015-06-19 04:24:47 Error: Fatal Error (64): Cannot redeclare class Plugins in [C:\Users\LewisDesktop\Documents\GitHub\PluginTest\xampp\htdocs\cakephp\app\Model\Homepage.php, line 112]
2015-06-19 04:24:47 Error: [FatalErrorException] Cannot redeclare class Plugins
Request URL: /
Stack Trace:
#0 C:\Users\LewisDesktop\Documents\GitHub\PluginTest\xampp\htdocs\cakephp\lib\Cake\Error\ErrorHandler.php(203): ErrorHandler::handleFatalError(64, 'Cannot redeclar...', 'C:\\Users\\LewisD...', 112)
#1 [internal function]: ErrorHandler::handleError(64, 'Cannot redeclar...', 'C:\\Users\\LewisD...', 112, Array)
#2 C:\Users\LewisDesktop\Documents\GitHub\PluginTest\xampp\htdocs\cakephp\lib\Cake\Core\App.php(929): call_user_func('ErrorHandler::h...', 64, 'Cannot redeclar...', 'C:\\Users\\LewisD...', 112, Array)
#3 C:\Users\LewisDesktop\Documents\GitHub\PluginTest\xampp\htdocs\cakephp\lib\Cake\Core\App.php(902): App::_checkFatalError()
#4 [internal function]: App::shutdown()
#5 {main}
2015-06-19 04:24:48 Error: Fatal Error (64): Cannot redeclare class Plugins in [C:\Users\LewisDesktop\Documents\GitHub\PluginTest\xampp\htdocs\cakephp\app\Model\Homepage.php, line 112]
2015-06-19 04:24:48 Error: [FatalErrorException] Cannot redeclare class Plugins
Request URL: /
Stack Trace:
#0 C:\Users\LewisDesktop\Documents\GitHub\PluginTest\xampp\htdocs\cakephp\lib\Cake\Error\ErrorHandler.php(203): ErrorHandler::handleFatalError(64, 'Cannot redeclar...', 'C:\\Users\\LewisD...', 112)
#1 [internal function]: ErrorHandler::handleError(64, 'Cannot redeclar...', 'C:\\Users\\LewisD...', 112, Array)
#2 C:\Users\LewisDesktop\Documents\GitHub\PluginTest\xampp\htdocs\cakephp\lib\Cake\Core\App.php(929): call_user_func('ErrorHandler::h...', 64, 'Cannot redeclar...', 'C:\\Users\\LewisD...', 112, Array)
#3 C:\Users\LewisDesktop\Documents\GitHub\PluginTest\xampp\htdocs\cakephp\lib\Cake\Core\App.php(902): App::_checkFatalError()
#4 [internal function]: App::shutdown()
#5 {main}
2015-06-19 04:25:51 Error: Fatal Error (64): Cannot redeclare class Plugins in [C:\Users\LewisDesktop\Documents\GitHub\PluginTest\xampp\htdocs\cakephp\app\Model\Homepage.php, line 112]
2015-06-19 04:25:51 Error: [FatalErrorException] Cannot redeclare class Plugins
Request URL: /
Stack Trace:
#0 C:\Users\LewisDesktop\Documents\GitHub\PluginTest\xampp\htdocs\cakephp\lib\Cake\Error\ErrorHandler.php(203): ErrorHandler::handleFatalError(64, 'Cannot redeclar...', 'C:\\Users\\LewisD...', 112)
#1 [internal function]: ErrorHandler::handleError(64, 'Cannot redeclar...', 'C:\\Users\\LewisD...', 112, Array)
#2 C:\Users\LewisDesktop\Documents\GitHub\PluginTest\xampp\htdocs\cakephp\lib\Cake\Core\App.php(929): call_user_func('ErrorHandler::h...', 64, 'Cannot redeclar...', 'C:\\Users\\LewisD...', 112, Array)
#3 C:\Users\LewisDesktop\Documents\GitHub\PluginTest\xampp\htdocs\cakephp\lib\Cake\Core\App.php(902): App::_checkFatalError()
#4 [internal function]: App::shutdown()
#5 {main}
2015-06-19 04:25:51 Error: [MissingTableException] Table homepages for model Homepage was not found in datasource default.
Exception Attributes: array (
  'table' => 'homepages',
  'class' => 'Homepage',
  'ds' => 'default',
)
Request URL: /
Stack Trace:
#0 C:\Users\LewisDesktop\Documents\GitHub\PluginTest\xampp\htdocs\cakephp\lib\Cake\Model\Model.php(3493): Model->setSource('homepages')
#1 C:\Users\LewisDesktop\Documents\GitHub\PluginTest\xampp\htdocs\cakephp\lib\Cake\Model\Model.php(2897): Model->getDataSource()
#2 C:\Users\LewisDesktop\Documents\GitHub\PluginTest\xampp\htdocs\cakephp\lib\Cake\Model\Model.php(2869): Model->_readDataSource('all', Array)
#3 C:\Users\LewisDesktop\Documents\GitHub\PluginTest\xampp\htdocs\cakephp\lib\Cake\Controller\Component\PaginatorComponent.php(196): Model->find('all', Array)
#4 C:\Users\LewisDesktop\Documents\GitHub\PluginTest\xampp\htdocs\cakephp\app\Controller\homepageController.php(14): PaginatorComponent->paginate()
#5 [internal function]: HomepageController->index()
#6 C:\Users\LewisDesktop\Documents\GitHub\PluginTest\xampp\htdocs\cakephp\lib\Cake\Controller\Controller.php(490): ReflectionMethod->invokeArgs(Object(HomepageController), Array)
#7 C:\Users\LewisDesktop\Documents\GitHub\PluginTest\xampp\htdocs\cakephp\lib\Cake\Routing\Dispatcher.php(185): Controller->invokeAction(Object(CakeRequest))
#8 C:\Users\LewisDesktop\Documents\GitHub\PluginTest\xampp\htdocs\cakephp\lib\Cake\Routing\Dispatcher.php(160): Dispatcher->_invoke(Object(HomepageController), Object(CakeRequest), Object(CakeResponse))
#9 C:\Users\LewisDesktop\Documents\GitHub\PluginTest\xampp\htdocs\cakephp\app\webroot\index.php(108): Dispatcher->dispatch(Object(CakeRequest), Object(CakeResponse))
#10 {main}
2015-06-19 04:25:51 Error: [MissingTableException] Table homepages for model Homepage was not found in datasource default.
Exception Attributes: array (
  'table' => 'homepages',
  'class' => 'Homepage',
  'ds' => 'default',
)
Request URL: /
Stack Trace:
#0 C:\Users\LewisDesktop\Documents\GitHub\PluginTest\xampp\htdocs\cakephp\lib\Cake\Model\Model.php(3493): Model->setSource('homepages')
#1 C:\Users\LewisDesktop\Documents\GitHub\PluginTest\xampp\htdocs\cakephp\lib\Cake\Model\Model.php(2897): Model->getDataSource()
#2 C:\Users\LewisDesktop\Documents\GitHub\PluginTest\xampp\htdocs\cakephp\lib\Cake\Model\Model.php(2869): Model->_readDataSource('all', Array)
#3 C:\Users\LewisDesktop\Documents\GitHub\PluginTest\xampp\htdocs\cakephp\lib\Cake\Controller\Component\PaginatorComponent.php(196): Model->find('all', Array)
#4 C:\Users\LewisDesktop\Documents\GitHub\PluginTest\xampp\htdocs\cakephp\app\Controller\homepageController.php(14): PaginatorComponent->paginate()
#5 [internal function]: HomepageController->index()
#6 C:\Users\LewisDesktop\Documents\GitHub\PluginTest\xampp\htdocs\cakephp\lib\Cake\Controller\Controller.php(490): ReflectionMethod->invokeArgs(Object(HomepageController), Array)
#7 C:\Users\LewisDesktop\Documents\GitHub\PluginTest\xampp\htdocs\cakephp\lib\Cake\Routing\Dispatcher.php(185): Controller->invokeAction(Object(CakeRequest))
#8 C:\Users\LewisDesktop\Documents\GitHub\PluginTest\xampp\htdocs\cakephp\lib\Cake\Routing\Dispatcher.php(160): Dispatcher->_invoke(Object(HomepageController), Object(CakeRequest), Object(CakeResponse))
#9 C:\Users\LewisDesktop\Documents\GitHub\PluginTest\xampp\htdocs\cakephp\app\webroot\index.php(108): Dispatcher->dispatch(Object(CakeRequest), Object(CakeResponse))
#10 {main}
2015-06-19 04:25:52 Error: [MissingTableException] Table homepages for model Homepage was not found in datasource default.
Exception Attributes: array (
  'table' => 'homepages',
  'class' => 'Homepage',
  'ds' => 'default',
)
Request URL: /
Stack Trace:
#0 C:\Users\LewisDesktop\Documents\GitHub\PluginTest\xampp\htdocs\cakephp\lib\Cake\Model\Model.php(3493): Model->setSource('homepages')
#1 C:\Users\LewisDesktop\Documents\GitHub\PluginTest\xampp\htdocs\cakephp\lib\Cake\Model\Model.php(2897): Model->getDataSource()
#2 C:\Users\LewisDesktop\Documents\GitHub\PluginTest\xampp\htdocs\cakephp\lib\Cake\Model\Model.php(2869): Model->_readDataSource('all', Array)
#3 C:\Users\LewisDesktop\Documents\GitHub\PluginTest\xampp\htdocs\cakephp\lib\Cake\Controller\Component\PaginatorComponent.php(196): Model->find('all', Array)
#4 C:\Users\LewisDesktop\Documents\GitHub\PluginTest\xampp\htdocs\cakephp\app\Controller\homepageController.php(14): PaginatorComponent->paginate()
#5 [internal function]: HomepageController->index()
#6 C:\Users\LewisDesktop\Documents\GitHub\PluginTest\xampp\htdocs\cakephp\lib\Cake\Controller\Controller.php(490): ReflectionMethod->invokeArgs(Object(HomepageController), Array)
#7 C:\Users\LewisDesktop\Documents\GitHub\PluginTest\xampp\htdocs\cakephp\lib\Cake\Routing\Dispatcher.php(185): Controller->invokeAction(Object(CakeRequest))
#8 C:\Users\LewisDesktop\Documents\GitHub\PluginTest\xampp\htdocs\cakephp\lib\Cake\Routing\Dispatcher.php(160): Dispatcher->_invoke(Object(HomepageController), Object(CakeRequest), Object(CakeResponse))
#9 C:\Users\LewisDesktop\Documents\GitHub\PluginTest\xampp\htdocs\cakephp\app\webroot\index.php(108): Dispatcher->dispatch(Object(CakeRequest), Object(CakeResponse))
#10 {main}
2015-06-19 04:25:52 Error: [MissingTableException] Table homepages for model Homepage was not found in datasource default.
Exception Attributes: array (
  'table' => 'homepages',
  'class' => 'Homepage',
  'ds' => 'default',
)
Request URL: /
Stack Trace:
#0 C:\Users\LewisDesktop\Documents\GitHub\PluginTest\xampp\htdocs\cakephp\lib\Cake\Model\Model.php(3493): Model->setSource('homepages')
#1 C:\Users\LewisDesktop\Documents\GitHub\PluginTest\xampp\htdocs\cakephp\lib\Cake\Model\Model.php(2897): Model->getDataSource()
#2 C:\Users\LewisDesktop\Documents\GitHub\PluginTest\xampp\htdocs\cakephp\lib\Cake\Model\Model.php(2869): Model->_readDataSource('all', Array)
#3 C:\Users\LewisDesktop\Documents\GitHub\PluginTest\xampp\htdocs\cakephp\lib\Cake\Controller\Component\PaginatorComponent.php(196): Model->find('all', Array)
#4 C:\Users\LewisDesktop\Documents\GitHub\PluginTest\xampp\htdocs\cakephp\app\Controller\homepageController.php(14): PaginatorComponent->paginate()
#5 [internal function]: HomepageController->index()
#6 C:\Users\LewisDesktop\Documents\GitHub\PluginTest\xampp\htdocs\cakephp\lib\Cake\Controller\Controller.php(490): ReflectionMethod->invokeArgs(Object(HomepageController), Array)
#7 C:\Users\LewisDesktop\Documents\GitHub\PluginTest\xampp\htdocs\cakephp\lib\Cake\Routing\Dispatcher.php(185): Controller->invokeAction(Object(CakeRequest))
#8 C:\Users\LewisDesktop\Documents\GitHub\PluginTest\xampp\htdocs\cakephp\lib\Cake\Routing\Dispatcher.php(160): Dispatcher->_invoke(Object(HomepageController), Object(CakeRequest), Object(CakeResponse))
#9 C:\Users\LewisDesktop\Documents\GitHub\PluginTest\xampp\htdocs\cakephp\app\webroot\index.php(108): Dispatcher->dispatch(Object(CakeRequest), Object(CakeResponse))
#10 {main}
